2014-12-14 12:55:47,738 [main] ERROR StackTrace  - Full Stack Trace:
java.lang.Exception: No tests found matching grails test target pattern filter from org.junit.runner.Request$1@7e8783b0
	at org.junit.internal.requests.FilterRequest.getRunner(FilterRequest.java:35)
	at org.junit.runner.JUnitCore.run(JUnitCore.java:138)
	at org.junit.runner.JUnitCore$run$0.call(Unknown Source)
	at org.codehaus.groovy.runtime.callsite.CallSiteArray.defaultCall(CallSiteArray.java:45)
	at org.codehaus.groovy.runtime.callsite.AbstractCallSite.call(AbstractCallSite.java:108)
	at org.codehaus.groovy.runtime.callsite.AbstractCallSite.call(AbstractCallSite.java:116)
	at org.codehaus.groovy.grails.test.spock.GrailsSpecTestType.doRun(GrailsSpecTestType.groovy:147)
	at org.codehaus.groovy.grails.test.support.GrailsTestTypeSupport.run(GrailsTestTypeSupport.groovy:121)
	at org.codehaus.groovy.grails.test.runner.GrailsProjectTestRunner.runTests(GrailsProjectTestRunner.groovy:415)
	at org.codehaus.groovy.grails.test.runner.GrailsProjectTestRunner.processTests(GrailsProjectTestRunner.groovy:395)
	at sun.reflect.NativeMethodAccessorImpl.invoke0(Native Method)
	at sun.reflect.NativeMethodAccessorImpl.invoke(NativeMethodAccessorImpl.java:62)
	at sun.reflect.DelegatingMethodAccessorImpl.invoke(DelegatingMethodAccessorImpl.java:43)
	at java.lang.reflect.Method.invoke(Method.java:483)
	at org.springsource.loaded.ri.ReflectiveInterceptor.jlrMethodInvoke(ReflectiveInterceptor.java:1270)
	at org.codehaus.groovy.reflection.CachedMethod.invoke(CachedMethod.java:90)
	at groovy.lang.MetaMethod.doMethodInvoke(MetaMethod.java:324)
	at groovy.lang.MetaClassImpl.invokeMethod(MetaClassImpl.java:1207)
	at groovy.lang.ExpandoMetaClass.invokeMethod(ExpandoMetaClass.java:1110)
	at groovy.lang.MetaClassImpl.invokeMethod(MetaClassImpl.java:1016)
	at groovy.lang.MetaClassImpl.invokeMethod(MetaClassImpl.java:1152)
	at groovy.lang.ExpandoMetaClass.invokeMethod(ExpandoMetaClass.java:1110)
	at groovy.lang.MetaClassImpl.invokeMethod(MetaClassImpl.java:1016)
	at org.codehaus.groovy.runtime.callsite.PogoMetaClassSite.callCurrent(PogoMetaClassSite.java:66)
	at org.codehaus.groovy.runtime.callsite.CallSiteArray.defaultCallCurrent(CallSiteArray.java:49)
	at org.codehaus.groovy.runtime.callsite.AbstractCallSite.callCurrent(AbstractCallSite.java:133)
	at org.codehaus.groovy.runtime.callsite.AbstractCallSite.callCurrent(AbstractCallSite.java:141)
	at org.codehaus.groovy.grails.test.runner.GrailsProjectTestRunner$_runAllTests_closure7.doCall(GrailsProjectTestRunner.groovy:313)
	at sun.reflect.NativeMethodAccessorImpl.invoke0(Native Method)
	at sun.reflect.NativeMethodAccessorImpl.invoke(NativeMethodAccessorImpl.java:62)
	at sun.reflect.DelegatingMethodAccessorImpl.invoke(DelegatingMethodAccessorImpl.java:43)
	at java.lang.reflect.Method.invoke(Method.java:483)
	at org.springsource.loaded.ri.ReflectiveInterceptor.jlrMethodInvoke(ReflectiveInterceptor.java:1270)
	at org.codehaus.groovy.reflection.CachedMethod.invoke(CachedMethod.java:90)
	at groovy.lang.MetaMethod.doMethodInvoke(MetaMethod.java:324)
	at groovy.lang.MetaClassImpl.invokeMethod(MetaClassImpl.java:1207)
	at groovy.lang.ExpandoMetaClass.invokeMethod(ExpandoMetaClass.java:1110)
	at groovy.lang.MetaClassImpl.invokeMethod(MetaClassImpl.java:1016)
	at groovy.lang.Closure.call(Closure.java:423)
	at org.codehaus.groovy.runtime.DefaultGroovyMethods.callClosureForMapEntry(DefaultGroovyMethods.java:4271)
	at org.codehaus.groovy.runtime.DefaultGroovyMethods.each(DefaultGroovyMethods.java:1408)
	at org.codehaus.groovy.runtime.dgm$151.invoke(Unknown Source)
	at org.codehaus.groovy.runtime.callsite.PojoMetaMethodSite$PojoMetaMethodSiteNoUnwrapNoCoerce.invoke(PojoMetaMethodSite.java:271)
	at org.codehaus.groovy.runtime.callsite.PojoMetaMethodSite.call(PojoMetaMethodSite.java:53)
	at org.codehaus.groovy.runtime.callsite.CallSiteArray.defaultCall(CallSiteArray.java:45)
	at org.codehaus.groovy.runtime.callsite.AbstractCallSite.call(AbstractCallSite.java:108)
	at org.codehaus.groovy.runtime.callsite.AbstractCallSite.call(AbstractCallSite.java:116)
	at org.codehaus.groovy.grails.test.runner.GrailsProjectTestRunner.runAllTests(GrailsProjectTestRunner.groovy:299)
	at org.codehaus.groovy.grails.test.runner.GrailsProjectTestRunner.runAllTests(GrailsProjectTestRunner.groovy:214)
	at org.codehaus.groovy.grails.test.runner.GrailsProjectTestRunner.runAllTests(GrailsProjectTestRunner.groovy)
	at org.codehaus.groovy.grails.test.runner.GrailsProjectTestRunner$runAllTests$0.call(Unknown Source)
	at org.codehaus.groovy.runtime.callsite.CallSiteArray.defaultCall(CallSiteArray.java:45)
	at org.codehaus.groovy.runtime.callsite.AbstractCallSite.call(AbstractCallSite.java:108)
	at org.codehaus.groovy.runtime.callsite.AbstractCallSite.call(AbstractCallSite.java:116)
	at org.codehaus.groovy.grails.cli.fork.testing.ForkedGrailsTestRunner.runInstance(ForkedGrailsTestRunner.groovy:128)
	at org.codehaus.groovy.grails.cli.fork.ForkedGrailsProjectClassExecutor.run(ForkedGrailsProjectClassExecutor.groovy:74)
	at org.codehaus.groovy.grails.cli.fork.testing.ForkedGrailsTestRunner.main(ForkedGrailsTestRunner.groovy:75)
2014-12-14 12:55:47,745 [main] ERROR StackTrace  - Full Stack Trace:
java.lang.Exception: No tests found matching grails test target pattern filter from org.junit.runner.Request$1@7e8783b0
	at org.junit.internal.requests.FilterRequest.getRunner(FilterRequest.java:35)
	at org.junit.runner.JUnitCore.run(JUnitCore.java:138)
2014-12-14 12:55:47,747 [main] ERROR StackTrace  - Full Stack Trace:
java.lang.Exception: No tests found matching grails test target pattern filter from org.junit.runner.Request$1@7e8783b0
	at org.junit.internal.requests.FilterRequest.getRunner(FilterRequest.java:35)
	at org.junit.runner.JUnitCore.run(JUnitCore.java:138)
2014-12-14 12:55:47,748 [main] ERROR StackTrace  - Full Stack Trace:
java.lang.Exception: No tests found matching grails test target pattern filter from org.junit.runner.Request$1@7e8783b0
	at org.junit.internal.requests.FilterRequest.getRunner(FilterRequest.java:35)
	at org.junit.runner.JUnitCore.run(JUnitCore.java:138)
2014-12-14 12:55:47,766 [main] ERROR StackTrace  - Full Stack Trace:
java.lang.Exception: No tests found matching grails test target pattern filter from org.junit.runner.Request$1@7e8783b0
	at org.junit.internal.requests.FilterRequest.getRunner(FilterRequest.java:35)
	at org.junit.runner.JUnitCore.run(JUnitCore.java:138)
2014-12-14 12:55:47,766 [main] ERROR StackTrace  - Full Stack Trace:
java.lang.Exception: No tests found matching grails test target pattern filter from org.junit.runner.Request$1@7e8783b0
	at org.junit.internal.requests.FilterRequest.getRunner(FilterRequest.java:35)
	at org.junit.runner.JUnitCore.run(JUnitCore.java:138)
2014-12-14 12:56:44,626 [main] ERROR StackTrace  - Full Stack Trace:
java.lang.Exception: No tests found matching grails test target pattern filter from org.junit.runner.Request$1@a6a2c20
	at org.junit.internal.requests.FilterRequest.getRunner(FilterRequest.java:35)
	at org.junit.runner.JUnitCore.run(JUnitCore.java:138)
	at org.junit.runner.JUnitCore$run$0.call(Unknown Source)
	at org.codehaus.groovy.runtime.callsite.CallSiteArray.defaultCall(CallSiteArray.java:45)
	at org.codehaus.groovy.runtime.callsite.AbstractCallSite.call(AbstractCallSite.java:108)
	at org.codehaus.groovy.runtime.callsite.AbstractCallSite.call(AbstractCallSite.java:116)
	at org.codehaus.groovy.grails.test.spock.GrailsSpecTestType.doRun(GrailsSpecTestType.groovy:147)
	at org.codehaus.groovy.grails.test.support.GrailsTestTypeSupport.run(GrailsTestTypeSupport.groovy:121)
	at org.codehaus.groovy.grails.test.runner.GrailsProjectTestRunner.runTests(GrailsProjectTestRunner.groovy:415)
	at org.codehaus.groovy.grails.test.runner.GrailsProjectTestRunner.processTests(GrailsProjectTestRunner.groovy:395)
	at sun.reflect.NativeMethodAccessorImpl.invoke0(Native Method)
	at sun.reflect.NativeMethodAccessorImpl.invoke(NativeMethodAccessorImpl.java:62)
	at sun.reflect.DelegatingMethodAccessorImpl.invoke(DelegatingMethodAccessorImpl.java:43)
	at java.lang.reflect.Method.invoke(Method.java:483)
	at org.springsource.loaded.ri.ReflectiveInterceptor.jlrMethodInvoke(ReflectiveInterceptor.java:1270)
	at org.codehaus.groovy.reflection.CachedMethod.invoke(CachedMethod.java:90)
	at groovy.lang.MetaMethod.doMethodInvoke(MetaMethod.java:324)
	at groovy.lang.MetaClassImpl.invokeMethod(MetaClassImpl.java:1207)
	at groovy.lang.ExpandoMetaClass.invokeMethod(ExpandoMetaClass.java:1110)
	at groovy.lang.MetaClassImpl.invokeMethod(MetaClassImpl.java:1016)
	at groovy.lang.MetaClassImpl.invokeMethod(MetaClassImpl.java:1152)
	at groovy.lang.ExpandoMetaClass.invokeMethod(ExpandoMetaClass.java:1110)
	at groovy.lang.MetaClassImpl.invokeMethod(MetaClassImpl.java:1016)
	at org.codehaus.groovy.runtime.callsite.PogoMetaClassSite.callCurrent(PogoMetaClassSite.java:66)
	at org.codehaus.groovy.runtime.callsite.CallSiteArray.defaultCallCurrent(CallSiteArray.java:49)
	at org.codehaus.groovy.runtime.callsite.AbstractCallSite.callCurrent(AbstractCallSite.java:133)
	at org.codehaus.groovy.runtime.callsite.AbstractCallSite.callCurrent(AbstractCallSite.java:141)
	at org.codehaus.groovy.grails.test.runner.GrailsProjectTestRunner$_runAllTests_closure7.doCall(GrailsProjectTestRunner.groovy:313)
	at sun.reflect.NativeMethodAccessorImpl.invoke0(Native Method)
	at sun.reflect.NativeMethodAccessorImpl.invoke(NativeMethodAccessorImpl.java:62)
	at sun.reflect.DelegatingMethodAccessorImpl.invoke(DelegatingMethodAccessorImpl.java:43)
	at java.lang.reflect.Method.invoke(Method.java:483)
	at org.springsource.loaded.ri.ReflectiveInterceptor.jlrMethodInvoke(ReflectiveInterceptor.java:1270)
	at org.codehaus.groovy.reflection.CachedMethod.invoke(CachedMethod.java:90)
	at groovy.lang.MetaMethod.doMethodInvoke(MetaMethod.java:324)
	at groovy.lang.MetaClassImpl.invokeMethod(MetaClassImpl.java:1207)
	at groovy.lang.ExpandoMetaClass.invokeMethod(ExpandoMetaClass.java:1110)
	at groovy.lang.MetaClassImpl.invokeMethod(MetaClassImpl.java:1016)
	at groovy.lang.Closure.call(Closure.java:423)
	at org.codehaus.groovy.runtime.DefaultGroovyMethods.callClosureForMapEntry(DefaultGroovyMethods.java:4271)
	at org.codehaus.groovy.runtime.DefaultGroovyMethods.each(DefaultGroovyMethods.java:1408)
	at org.codehaus.groovy.runtime.dgm$151.invoke(Unknown Source)
	at org.codehaus.groovy.runtime.callsite.PojoMetaMethodSite$PojoMetaMethodSiteNoUnwrapNoCoerce.invoke(PojoMetaMethodSite.java:271)
	at org.codehaus.groovy.runtime.callsite.PojoMetaMethodSite.call(PojoMetaMethodSite.java:53)
	at org.codehaus.groovy.runtime.callsite.CallSiteArray.defaultCall(CallSiteArray.java:45)
	at org.codehaus.groovy.runtime.callsite.AbstractCallSite.call(AbstractCallSite.java:108)
	at org.codehaus.groovy.runtime.callsite.AbstractCallSite.call(AbstractCallSite.java:116)
	at org.codehaus.groovy.grails.test.runner.GrailsProjectTestRunner.runAllTests(GrailsProjectTestRunner.groovy:299)
	at org.codehaus.groovy.grails.test.runner.GrailsProjectTestRunner.runAllTests(GrailsProjectTestRunner.groovy:214)
	at org.codehaus.groovy.grails.test.runner.GrailsProjectTestRunner.runAllTests(GrailsProjectTestRunner.groovy)
	at org.codehaus.groovy.grails.test.runner.GrailsProjectTestRunner$runAllTests$0.call(Unknown Source)
	at org.codehaus.groovy.runtime.callsite.CallSiteArray.defaultCall(CallSiteArray.java:45)
	at org.codehaus.groovy.runtime.callsite.AbstractCallSite.call(AbstractCallSite.java:108)
	at org.codehaus.groovy.runtime.callsite.AbstractCallSite.call(AbstractCallSite.java:116)
	at org.codehaus.groovy.grails.cli.fork.testing.ForkedGrailsTestRunner.runInstance(ForkedGrailsTestRunner.groovy:128)
	at org.codehaus.groovy.grails.cli.fork.ForkedGrailsProjectClassExecutor.run(ForkedGrailsProjectClassExecutor.groovy:74)
	at org.codehaus.groovy.grails.cli.fork.testing.ForkedGrailsTestRunner.main(ForkedGrailsTestRunner.groovy:75)
2014-12-14 12:56:44,631 [main] ERROR StackTrace  - Full Stack Trace:
java.lang.Exception: No tests found matching grails test target pattern filter from org.junit.runner.Request$1@a6a2c20
	at org.junit.internal.requests.FilterRequest.getRunner(FilterRequest.java:35)
	at org.junit.runner.JUnitCore.run(JUnitCore.java:138)
2014-12-14 12:56:44,633 [main] ERROR StackTrace  - Full Stack Trace:
java.lang.Exception: No tests found matching grails test target pattern filter from org.junit.runner.Request$1@a6a2c20
	at org.junit.internal.requests.FilterRequest.getRunner(FilterRequest.java:35)
	at org.junit.runner.JUnitCore.run(JUnitCore.java:138)
2014-12-14 12:56:44,633 [main] ERROR StackTrace  - Full Stack Trace:
java.lang.Exception: No tests found matching grails test target pattern filter from org.junit.runner.Request$1@a6a2c20
	at org.junit.internal.requests.FilterRequest.getRunner(FilterRequest.java:35)
	at org.junit.runner.JUnitCore.run(JUnitCore.java:138)
2014-12-14 12:56:44,677 [main] ERROR StackTrace  - Full Stack Trace:
java.lang.Exception: No tests found matching grails test target pattern filter from org.junit.runner.Request$1@a6a2c20
	at org.junit.internal.requests.FilterRequest.getRunner(FilterRequest.java:35)
	at org.junit.runner.JUnitCore.run(JUnitCore.java:138)
2014-12-14 12:56:44,677 [main] ERROR StackTrace  - Full Stack Trace:
java.lang.Exception: No tests found matching grails test target pattern filter from org.junit.runner.Request$1@a6a2c20
	at org.junit.internal.requests.FilterRequest.getRunner(FilterRequest.java:35)
	at org.junit.runner.JUnitCore.run(JUnitCore.java:138)
2014-12-14 14:17:52,520 [main] ERROR StackTrace  - Full Stack Trace:
java.lang.Exception: No tests found matching grails test target pattern filter from org.junit.runner.Request$1@6c03fb16
	at org.junit.internal.requests.FilterRequest.getRunner(FilterRequest.java:35)
	at org.junit.runner.JUnitCore.run(JUnitCore.java:138)
	at org.junit.runner.JUnitCore$run$0.call(Unknown Source)
	at org.codehaus.groovy.runtime.callsite.CallSiteArray.defaultCall(CallSiteArray.java:45)
	at org.codehaus.groovy.runtime.callsite.AbstractCallSite.call(AbstractCallSite.java:108)
	at org.codehaus.groovy.runtime.callsite.AbstractCallSite.call(AbstractCallSite.java:116)
	at org.codehaus.groovy.grails.test.spock.GrailsSpecTestType.doRun(GrailsSpecTestType.groovy:147)
	at org.codehaus.groovy.grails.test.support.GrailsTestTypeSupport.run(GrailsTestTypeSupport.groovy:121)
	at org.codehaus.groovy.grails.test.runner.GrailsProjectTestRunner.runTests(GrailsProjectTestRunner.groovy:415)
	at org.codehaus.groovy.grails.test.runner.GrailsProjectTestRunner.processTests(GrailsProjectTestRunner.groovy:395)
	at sun.reflect.NativeMethodAccessorImpl.invoke0(Native Method)
	at sun.reflect.NativeMethodAccessorImpl.invoke(NativeMethodAccessorImpl.java:62)
	at sun.reflect.DelegatingMethodAccessorImpl.invoke(DelegatingMethodAccessorImpl.java:43)
	at java.lang.reflect.Method.invoke(Method.java:483)
	at org.springsource.loaded.ri.ReflectiveInterceptor.jlrMethodInvoke(ReflectiveInterceptor.java:1270)
	at org.codehaus.groovy.reflection.CachedMethod.invoke(CachedMethod.java:90)
	at groovy.lang.MetaMethod.doMethodInvoke(MetaMethod.java:324)
	at groovy.lang.MetaClassImpl.invokeMethod(MetaClassImpl.java:1207)
	at groovy.lang.ExpandoMetaClass.invokeMethod(ExpandoMetaClass.java:1110)
	at groovy.lang.MetaClassImpl.invokeMethod(MetaClassImpl.java:1016)
	at groovy.lang.MetaClassImpl.invokeMethod(MetaClassImpl.java:1152)
	at groovy.lang.ExpandoMetaClass.invokeMethod(ExpandoMetaClass.java:1110)
	at groovy.lang.MetaClassImpl.invokeMethod(MetaClassImpl.java:1016)
	at org.codehaus.groovy.runtime.callsite.PogoMetaClassSite.callCurrent(PogoMetaClassSite.java:66)
	at org.codehaus.groovy.runtime.callsite.CallSiteArray.defaultCallCurrent(CallSiteArray.java:49)
	at org.codehaus.groovy.runtime.callsite.AbstractCallSite.callCurrent(AbstractCallSite.java:133)
	at org.codehaus.groovy.runtime.callsite.AbstractCallSite.callCurrent(AbstractCallSite.java:141)
	at org.codehaus.groovy.grails.test.runner.GrailsProjectTestRunner$_runAllTests_closure7.doCall(GrailsProjectTestRunner.groovy:313)
	at sun.reflect.NativeMethodAccessorImpl.invoke0(Native Method)
	at sun.reflect.NativeMethodAccessorImpl.invoke(NativeMethodAccessorImpl.java:62)
	at sun.reflect.DelegatingMethodAccessorImpl.invoke(DelegatingMethodAccessorImpl.java:43)
	at java.lang.reflect.Method.invoke(Method.java:483)
	at org.springsource.loaded.ri.ReflectiveInterceptor.jlrMethodInvoke(ReflectiveInterceptor.java:1270)
	at org.codehaus.groovy.reflection.CachedMethod.invoke(CachedMethod.java:90)
	at groovy.lang.MetaMethod.doMethodInvoke(MetaMethod.java:324)
	at groovy.lang.MetaClassImpl.invokeMethod(MetaClassImpl.java:1207)
	at groovy.lang.ExpandoMetaClass.invokeMethod(ExpandoMetaClass.java:1110)
	at groovy.lang.MetaClassImpl.invokeMethod(MetaClassImpl.java:1016)
	at groovy.lang.Closure.call(Closure.java:423)
	at org.codehaus.groovy.runtime.DefaultGroovyMethods.callClosureForMapEntry(DefaultGroovyMethods.java:4271)
	at org.codehaus.groovy.runtime.DefaultGroovyMethods.each(DefaultGroovyMethods.java:1408)
	at org.codehaus.groovy.runtime.dgm$151.invoke(Unknown Source)
	at org.codehaus.groovy.runtime.callsite.PojoMetaMethodSite$PojoMetaMethodSiteNoUnwrapNoCoerce.invoke(PojoMetaMethodSite.java:271)
	at org.codehaus.groovy.runtime.callsite.PojoMetaMethodSite.call(PojoMetaMethodSite.java:53)
	at org.codehaus.groovy.runtime.callsite.CallSiteArray.defaultCall(CallSiteArray.java:45)
	at org.codehaus.groovy.runtime.callsite.AbstractCallSite.call(AbstractCallSite.java:108)
	at org.codehaus.groovy.runtime.callsite.AbstractCallSite.call(AbstractCallSite.java:116)
	at org.codehaus.groovy.grails.test.runner.GrailsProjectTestRunner.runAllTests(GrailsProjectTestRunner.groovy:299)
	at org.codehaus.groovy.grails.test.runner.GrailsProjectTestRunner.runAllTests(GrailsProjectTestRunner.groovy:214)
	at org.codehaus.groovy.grails.test.runner.GrailsProjectTestRunner.runAllTests(GrailsProjectTestRunner.groovy)
	at org.codehaus.groovy.grails.test.runner.GrailsProjectTestRunner$runAllTests$0.call(Unknown Source)
	at org.codehaus.groovy.runtime.callsite.CallSiteArray.defaultCall(CallSiteArray.java:45)
	at org.codehaus.groovy.runtime.callsite.AbstractCallSite.call(AbstractCallSite.java:108)
	at org.codehaus.groovy.runtime.callsite.AbstractCallSite.call(AbstractCallSite.java:116)
	at org.codehaus.groovy.grails.cli.fork.testing.ForkedGrailsTestRunner.runInstance(ForkedGrailsTestRunner.groovy:128)
	at org.codehaus.groovy.grails.cli.fork.ForkedGrailsProjectClassExecutor.run(ForkedGrailsProjectClassExecutor.groovy:74)
	at org.codehaus.groovy.grails.cli.fork.testing.ForkedGrailsTestRunner.main(ForkedGrailsTestRunner.groovy:75)
2014-12-14 14:17:52,523 [main] ERROR StackTrace  - Full Stack Trace:
java.lang.Exception: No tests found matching grails test target pattern filter from org.junit.runner.Request$1@6c03fb16
	at org.junit.internal.requests.FilterRequest.getRunner(FilterRequest.java:35)
	at org.junit.runner.JUnitCore.run(JUnitCore.java:138)
2014-12-14 14:17:52,526 [main] ERROR StackTrace  - Full Stack Trace:
java.lang.Exception: No tests found matching grails test target pattern filter from org.junit.runner.Request$1@6c03fb16
	at org.junit.internal.requests.FilterRequest.getRunner(FilterRequest.java:35)
	at org.junit.runner.JUnitCore.run(JUnitCore.java:138)
2014-12-14 14:17:52,526 [main] ERROR StackTrace  - Full Stack Trace:
java.lang.Exception: No tests found matching grails test target pattern filter from org.junit.runner.Request$1@6c03fb16
	at org.junit.internal.requests.FilterRequest.getRunner(FilterRequest.java:35)
	at org.junit.runner.JUnitCore.run(JUnitCore.java:138)
2014-12-14 14:17:52,556 [main] ERROR StackTrace  - Full Stack Trace:
java.lang.Exception: No tests found matching grails test target pattern filter from org.junit.runner.Request$1@6c03fb16
	at org.junit.internal.requests.FilterRequest.getRunner(FilterRequest.java:35)
	at org.junit.runner.JUnitCore.run(JUnitCore.java:138)
2014-12-14 14:17:52,557 [main] ERROR StackTrace  - Full Stack Trace:
java.lang.Exception: No tests found matching grails test target pattern filter from org.junit.runner.Request$1@6c03fb16
	at org.junit.internal.requests.FilterRequest.getRunner(FilterRequest.java:35)
	at org.junit.runner.JUnitCore.run(JUnitCore.java:138)
2014-12-14 14:19:50,540 [main] ERROR StackTrace  - Full Stack Trace:
java.lang.Exception: No tests found matching grails test target pattern filter from org.junit.runner.Request$1@6c03fb16
	at org.junit.internal.requests.FilterRequest.getRunner(FilterRequest.java:35)
	at org.junit.runner.JUnitCore.run(JUnitCore.java:138)
	at org.junit.runner.JUnitCore$run$0.call(Unknown Source)
	at org.codehaus.groovy.runtime.callsite.CallSiteArray.defaultCall(CallSiteArray.java:45)
	at org.codehaus.groovy.runtime.callsite.AbstractCallSite.call(AbstractCallSite.java:108)
	at org.codehaus.groovy.runtime.callsite.AbstractCallSite.call(AbstractCallSite.java:116)
	at org.codehaus.groovy.grails.test.spock.GrailsSpecTestType.doRun(GrailsSpecTestType.groovy:147)
	at org.codehaus.groovy.grails.test.support.GrailsTestTypeSupport.run(GrailsTestTypeSupport.groovy:121)
	at org.codehaus.groovy.grails.test.runner.GrailsProjectTestRunner.runTests(GrailsProjectTestRunner.groovy:415)
	at org.codehaus.groovy.grails.test.runner.GrailsProjectTestRunner.processTests(GrailsProjectTestRunner.groovy:395)
	at sun.reflect.NativeMethodAccessorImpl.invoke0(Native Method)
	at sun.reflect.NativeMethodAccessorImpl.invoke(NativeMethodAccessorImpl.java:62)
	at sun.reflect.DelegatingMethodAccessorImpl.invoke(DelegatingMethodAccessorImpl.java:43)
	at java.lang.reflect.Method.invoke(Method.java:483)
	at org.springsource.loaded.ri.ReflectiveInterceptor.jlrMethodInvoke(ReflectiveInterceptor.java:1270)
	at org.codehaus.groovy.reflection.CachedMethod.invoke(CachedMethod.java:90)
	at groovy.lang.MetaMethod.doMethodInvoke(MetaMethod.java:324)
	at groovy.lang.MetaClassImpl.invokeMethod(MetaClassImpl.java:1207)
	at groovy.lang.ExpandoMetaClass.invokeMethod(ExpandoMetaClass.java:1110)
	at groovy.lang.MetaClassImpl.invokeMethod(MetaClassImpl.java:1016)
	at groovy.lang.MetaClassImpl.invokeMethod(MetaClassImpl.java:1152)
	at groovy.lang.ExpandoMetaClass.invokeMethod(ExpandoMetaClass.java:1110)
	at groovy.lang.MetaClassImpl.invokeMethod(MetaClassImpl.java:1016)
	at org.codehaus.groovy.runtime.callsite.PogoMetaClassSite.callCurrent(PogoMetaClassSite.java:66)
	at org.codehaus.groovy.runtime.callsite.CallSiteArray.defaultCallCurrent(CallSiteArray.java:49)
	at org.codehaus.groovy.runtime.callsite.AbstractCallSite.callCurrent(AbstractCallSite.java:133)
	at org.codehaus.groovy.runtime.callsite.AbstractCallSite.callCurrent(AbstractCallSite.java:141)
	at org.codehaus.groovy.grails.test.runner.GrailsProjectTestRunner$_runAllTests_closure7.doCall(GrailsProjectTestRunner.groovy:313)
	at sun.reflect.NativeMethodAccessorImpl.invoke0(Native Method)
	at sun.reflect.NativeMethodAccessorImpl.invoke(NativeMethodAccessorImpl.java:62)
	at sun.reflect.DelegatingMethodAccessorImpl.invoke(DelegatingMethodAccessorImpl.java:43)
	at java.lang.reflect.Method.invoke(Method.java:483)
	at org.springsource.loaded.ri.ReflectiveInterceptor.jlrMethodInvoke(ReflectiveInterceptor.java:1270)
	at org.codehaus.groovy.reflection.CachedMethod.invoke(CachedMethod.java:90)
	at groovy.lang.MetaMethod.doMethodInvoke(MetaMethod.java:324)
	at groovy.lang.MetaClassImpl.invokeMethod(MetaClassImpl.java:1207)
	at groovy.lang.ExpandoMetaClass.invokeMethod(ExpandoMetaClass.java:1110)
	at groovy.lang.MetaClassImpl.invokeMethod(MetaClassImpl.java:1016)
	at groovy.lang.Closure.call(Closure.java:423)
	at org.codehaus.groovy.runtime.DefaultGroovyMethods.callClosureForMapEntry(DefaultGroovyMethods.java:4271)
	at org.codehaus.groovy.runtime.DefaultGroovyMethods.each(DefaultGroovyMethods.java:1408)
	at org.codehaus.groovy.runtime.dgm$151.invoke(Unknown Source)
	at org.codehaus.groovy.runtime.callsite.PojoMetaMethodSite$PojoMetaMethodSiteNoUnwrapNoCoerce.invoke(PojoMetaMethodSite.java:271)
	at org.codehaus.groovy.runtime.callsite.PojoMetaMethodSite.call(PojoMetaMethodSite.java:53)
	at org.codehaus.groovy.runtime.callsite.CallSiteArray.defaultCall(CallSiteArray.java:45)
	at org.codehaus.groovy.runtime.callsite.AbstractCallSite.call(AbstractCallSite.java:108)
	at org.codehaus.groovy.runtime.callsite.AbstractCallSite.call(AbstractCallSite.java:116)
	at org.codehaus.groovy.grails.test.runner.GrailsProjectTestRunner.runAllTests(GrailsProjectTestRunner.groovy:299)
	at org.codehaus.groovy.grails.test.runner.GrailsProjectTestRunner.runAllTests(GrailsProjectTestRunner.groovy:214)
	at org.codehaus.groovy.grails.test.runner.GrailsProjectTestRunner.runAllTests(GrailsProjectTestRunner.groovy)
	at org.codehaus.groovy.grails.test.runner.GrailsProjectTestRunner$runAllTests$0.call(Unknown Source)
	at org.codehaus.groovy.runtime.callsite.CallSiteArray.defaultCall(CallSiteArray.java:45)
	at org.codehaus.groovy.runtime.callsite.AbstractCallSite.call(AbstractCallSite.java:108)
	at org.codehaus.groovy.runtime.callsite.AbstractCallSite.call(AbstractCallSite.java:116)
	at org.codehaus.groovy.grails.cli.fork.testing.ForkedGrailsTestRunner.runInstance(ForkedGrailsTestRunner.groovy:128)
	at org.codehaus.groovy.grails.cli.fork.ForkedGrailsProjectClassExecutor.run(ForkedGrailsProjectClassExecutor.groovy:74)
	at org.codehaus.groovy.grails.cli.fork.testing.ForkedGrailsTestRunner.main(ForkedGrailsTestRunner.groovy:75)
2014-12-14 14:19:50,543 [main] ERROR StackTrace  - Full Stack Trace:
java.lang.Exception: No tests found matching grails test target pattern filter from org.junit.runner.Request$1@6c03fb16
	at org.junit.internal.requests.FilterRequest.getRunner(FilterRequest.java:35)
	at org.junit.runner.JUnitCore.run(JUnitCore.java:138)
2014-12-14 14:19:50,545 [main] ERROR StackTrace  - Full Stack Trace:
java.lang.Exception: No tests found matching grails test target pattern filter from org.junit.runner.Request$1@6c03fb16
	at org.junit.internal.requests.FilterRequest.getRunner(FilterRequest.java:35)
	at org.junit.runner.JUnitCore.run(JUnitCore.java:138)
2014-12-14 14:19:50,545 [main] ERROR StackTrace  - Full Stack Trace:
java.lang.Exception: No tests found matching grails test target pattern filter from org.junit.runner.Request$1@6c03fb16
	at org.junit.internal.requests.FilterRequest.getRunner(FilterRequest.java:35)
	at org.junit.runner.JUnitCore.run(JUnitCore.java:138)
2014-12-14 14:19:50,585 [main] ERROR StackTrace  - Full Stack Trace:
java.lang.Exception: No tests found matching grails test target pattern filter from org.junit.runner.Request$1@6c03fb16
	at org.junit.internal.requests.FilterRequest.getRunner(FilterRequest.java:35)
	at org.junit.runner.JUnitCore.run(JUnitCore.java:138)
2014-12-14 14:19:50,585 [main] ERROR StackTrace  - Full Stack Trace:
java.lang.Exception: No tests found matching grails test target pattern filter from org.junit.runner.Request$1@6c03fb16
	at org.junit.internal.requests.FilterRequest.getRunner(FilterRequest.java:35)
	at org.junit.runner.JUnitCore.run(JUnitCore.java:138)
2014-12-14 14:20:31,867 [FileSystemWatcher: files=#131 cl=groovy.lang.GroovyClassLoader@344f4dea] ERROR StackTrace  - Full Stack Trace:
org.springframework.beans.factory.BeanCreationException: Error creating bean with name 'org.grails.internal.SESSION_FACTORY_HOLDER': Cannot create inner bean '(inner bean)#4b0fb4dc' of type [org.codehaus.groovy.grails.orm.hibernate.ConfigurableLocalSessionFactoryBean] while setting bean property 'sessionFactory'; nested exception is org.springframework.beans.factory.BeanCreationException: Error creating bean with name '(inner bean)#4b0fb4dc': Invocation of init method failed; nested exception is org.hibernate.MappingException: An association from the table post refers to an unmapped class: com.grailsinaction.User
	at org.springframework.beans.factory.support.BeanDefinitionValueResolver.resolveInnerBean(BeanDefinitionValueResolver.java:290)
	at org.springframework.beans.factory.support.BeanDefinitionValueResolver.resolveValueIfNecessary(BeanDefinitionValueResolver.java:129)
	at org.springframework.beans.factory.support.AbstractAutowireCapableBeanFactory.applyPropertyValues(AbstractAutowireCapableBeanFactory.java:1457)
	at org.springframework.beans.factory.support.AbstractAutowireCapableBeanFactory.populateBean(AbstractAutowireCapableBeanFactory.java:1198)
	at org.springframework.beans.factory.support.AbstractAutowireCapableBeanFactory.doCreateBean(AbstractAutowireCapableBeanFactory.java:537)
	at org.springframework.beans.factory.support.AbstractAutowireCapableBeanFactory.createBean(AbstractAutowireCapableBeanFactory.java:475)
	at org.springframework.beans.factory.support.AbstractBeanFactory$1.getObject(AbstractBeanFactory.java:302)
	at org.springframework.beans.factory.support.DefaultSingletonBeanRegistry.getSingleton(DefaultSingletonBeanRegistry.java:228)
	at org.springframework.beans.factory.support.AbstractBeanFactory.doGetBean(AbstractBeanFactory.java:298)
	at org.springframework.beans.factory.support.AbstractBeanFactory.getBean(AbstractBeanFactory.java:198)
	at org.springframework.context.support.AbstractApplicationContext.getBean(AbstractApplicationContext.java:981)
	at org.codehaus.groovy.grails.orm.hibernate.SessionFactoryProxy.getCurrentSessionFactory(SessionFactoryProxy.java:126)
	at org.codehaus.groovy.grails.orm.hibernate.GrailsHibernateTemplate.<init>(GrailsHibernateTemplate.java:78)
	at org.codehaus.groovy.grails.orm.hibernate.GrailsHibernateTemplate.<init>(GrailsHibernateTemplate.java:92)
	at org.codehaus.groovy.grails.orm.hibernate.metaclass.AbstractStaticPersistentMethod.<init>(AbstractStaticPersistentMethod.java:59)
	at org.codehaus.groovy.grails.orm.hibernate.metaclass.AbstractClausedStaticPersistentMethod.<init>(AbstractClausedStaticPersistentMethod.java:402)
	at org.codehaus.groovy.grails.orm.hibernate.metaclass.FindAllByPersistentMethod.<init>(FindAllByPersistentMethod.java:63)
	at org.codehaus.groovy.grails.orm.hibernate.HibernateGormEnhancer.createDynamicFinders(HibernateGormEnhancer.groovy:53)
	at org.grails.datastore.gorm.GormEnhancer.getFinders(GormEnhancer.groovy:83)
	at org.codehaus.groovy.grails.orm.hibernate.AbstractHibernateGormEnhancer.<init>(AbstractHibernateGormEnhancer.groovy:45)
	at org.codehaus.groovy.grails.orm.hibernate.HibernateGormEnhancer.<init>(HibernateGormEnhancer.groovy:47)
	at org.codehaus.groovy.grails.orm.hibernate.cfg.HibernateUtils.enhanceSessionFactory(HibernateUtils.groovy:114)
	at org.codehaus.groovy.grails.orm.hibernate.cfg.HibernateUtils.enhanceSessionFactories(HibernateUtils.groovy:95)
	at org.codehaus.groovy.grails.orm.hibernate.cfg.HibernateUtils$enhanceSessionFactories$0.call(Unknown Source)
	at grails.plugin.hibernate4.HibernatePluginSupport$__clinit__closure2_closure13.doCall(HibernatePluginSupport.groovy:415)
	at grails.plugin.hibernate4.HibernatePluginSupport$__clinit__closure2_closure13.doCall(HibernatePluginSupport.groovy)
	at sun.reflect.NativeMethodAccessorImpl.invoke0(Native Method)
	at sun.reflect.NativeMethodAccessorImpl.invoke(NativeMethodAccessorImpl.java:62)
	at sun.reflect.DelegatingMethodAccessorImpl.invoke(DelegatingMethodAccessorImpl.java:43)
	at java.lang.reflect.Method.invoke(Method.java:483)
	at org.springsource.loaded.ri.ReflectiveInterceptor.jlrMethodInvoke(ReflectiveInterceptor.java:1276)
	at org.codehaus.groovy.runtime.callsite.PogoMetaMethodSite$PogoCachedMethodSiteNoUnwrapNoCoerce.invoke(PogoMetaMethodSite.java:207)
	at org.codehaus.groovy.runtime.callsite.PogoMetaMethodSite.call(PogoMetaMethodSite.java:68)
	at org.codehaus.groovy.runtime.callsite.AbstractCallSite.call(AbstractCallSite.java:112)
	at grails.plugin.hibernate4.HibernatePluginSupport$__clinit__closure2.doCall(HibernatePluginSupport.groovy:436)
	at sun.reflect.NativeMethodAccessorImpl.invoke0(Native Method)
	at sun.reflect.NativeMethodAccessorImpl.invoke(NativeMethodAccessorImpl.java:62)
	at sun.reflect.DelegatingMethodAccessorImpl.invoke(DelegatingMethodAccessorImpl.java:43)
	at java.lang.reflect.Method.invoke(Method.java:483)
	at org.springsource.loaded.ri.ReflectiveInterceptor.jlrMethodInvoke(ReflectiveInterceptor.java:1276)
	at org.codehaus.groovy.reflection.CachedMethod.invoke(CachedMethod.java:90)
	at groovy.lang.MetaMethod.doMethodInvoke(MetaMethod.java:324)
	at groovy.lang.MetaClassImpl.invokeMethod(MetaClassImpl.java:1207)
	at groovy.lang.ExpandoMetaClass.invokeMethod(ExpandoMetaClass.java:1110)
	at groovy.lang.MetaClassImpl.invokeMethod(MetaClassImpl.java:1016)
	at groovy.lang.Closure.call(Closure.java:423)
	at org.codehaus.groovy.grails.plugins.DefaultGrailsPlugin.invokeOnChangeListener(DefaultGrailsPlugin.java:767)
	at org.codehaus.groovy.grails.plugins.DefaultGrailsPlugin.notifyOfEvent(DefaultGrailsPlugin.java:716)
	at org.codehaus.groovy.grails.plugins.DefaultGrailsPluginManager.informObservers(DefaultGrailsPluginManager.java:242)
	at org.codehaus.groovy.grails.plugins.DefaultGrailsPlugin.notifyOfEvent(DefaultGrailsPlugin.java:732)
	at org.codehaus.groovy.grails.plugins.AbstractGrailsPluginManager.informOfClassChange(AbstractGrailsPluginManager.java:408)
	at org.codehaus.groovy.grails.project.compiler.GrailsProjectWatcher$2.run(GrailsProjectWatcher.java:246)
	at org.codehaus.groovy.grails.project.compiler.GrailsProjectWatcher.firePendingClassChangeEvents(GrailsProjectWatcher.java:107)
	at org.codehaus.groovy.grails.cli.agent.GrailsPluginManagerReloadPlugin.reloadEvent(GrailsPluginManagerReloadPlugin.java:42)
	at org.springsource.loaded.TypeRegistry.fireReloadEvent(TypeRegistry.java:1794)
	at org.springsource.loaded.ReloadableType.loadNewVersion(ReloadableType.java:417)
	at org.springsource.loaded.TypeRegistry.loadNewVersion(TypeRegistry.java:845)
	at org.springsource.loaded.agent.ReloadableFileChangeListener.fileChanged(ReloadableFileChangeListener.java:51)
	at org.springsource.loaded.agent.Watcher.determineChangesSince(FileSystemWatcher.java:235)
	at org.springsource.loaded.agent.Watcher.run(FileSystemWatcher.java:219)
	at java.lang.Thread.run(Thread.java:745)
Caused by: org.springframework.beans.factory.BeanCreationException: Error creating bean with name '(inner bean)#4b0fb4dc': Invocation of init method failed; nested exception is org.hibernate.MappingException: An association from the table post refers to an unmapped class: com.grailsinaction.User
	at org.springframework.beans.factory.support.AbstractAutowireCapableBeanFactory.initializeBean(AbstractAutowireCapableBeanFactory.java:1554)
	at org.springframework.beans.factory.support.AbstractAutowireCapableBeanFactory.doCreateBean(AbstractAutowireCapableBeanFactory.java:539)
	at org.springframework.beans.factory.support.AbstractAutowireCapableBeanFactory.createBean(AbstractAutowireCapableBeanFactory.java:475)
	at org.springframework.beans.factory.support.BeanDefinitionValueResolver.resolveInnerBean(BeanDefinitionValueResolver.java:276)
	... 60 more
Caused by: org.hibernate.MappingException: An association from the table post refers to an unmapped class: com.grailsinaction.User
	at org.hibernate.cfg.Configuration.secondPassCompileForeignKeys(Configuration.java:1805)
	at org.hibernate.cfg.Configuration.originalSecondPassCompile(Configuration.java:1739)
	at org.hibernate.cfg.Configuration.secondPassCompile(Configuration.java:1424)
	at org.codehaus.groovy.grails.orm.hibernate.cfg.GrailsAnnotationConfiguration.secondPassCompile(GrailsAnnotationConfiguration.java:173)
	at org.hibernate.cfg.Configuration.buildSessionFactory(Configuration.java:1844)
	at org.codehaus.groovy.grails.orm.hibernate.cfg.GrailsAnnotationConfiguration.buildSessionFactory(GrailsAnnotationConfiguration.java:372)
	at org.codehaus.groovy.grails.orm.hibernate.ConfigurableLocalSessionFactoryBean.doBuildSessionFactory(ConfigurableLocalSessionFactoryBean.java:479)
	at org.codehaus.groovy.grails.orm.hibernate.ConfigurableLocalSessionFactoryBean.buildSessionFactory(ConfigurableLocalSessionFactoryBean.java:473)
	at org.codehaus.groovy.grails.orm.hibernate.ConfigurableLocalSessionFactoryBean.afterPropertiesSet(ConfigurableLocalSessionFactoryBean.java:387)
	at org.springframework.beans.factory.support.AbstractAutowireCapableBeanFactory.invokeInitMethods(AbstractAutowireCapableBeanFactory.java:1613)
	at org.springframework.beans.factory.support.AbstractAutowireCapableBeanFactory.initializeBean(AbstractAutowireCapableBeanFactory.java:1550)
	... 63 more
2014-12-14 14:20:31,876 [FileSystemWatcher: files=#131 cl=groovy.lang.GroovyClassLoader@344f4dea] ERROR StackTrace  - Full Stack Trace:
org.springframework.beans.factory.BeanCreationException: Error creating bean with name '(inner bean)#4b0fb4dc': Invocation of init method failed; nested exception is org.hibernate.MappingException: An association from the table post refers to an unmapped class: com.grailsinaction.User
	at org.springframework.beans.factory.support.AbstractAutowireCapableBeanFactory.initializeBean(AbstractAutowireCapableBeanFactory.java:1554)
	at org.springframework.beans.factory.support.AbstractAutowireCapableBeanFactory.doCreateBean(AbstractAutowireCapableBeanFactory.java:539)
	at org.springframework.beans.factory.support.AbstractAutowireCapableBeanFactory.createBean(AbstractAutowireCapableBeanFactory.java:475)
	at org.springframework.beans.factory.support.BeanDefinitionValueResolver.resolveInnerBean(BeanDefinitionValueResolver.java:276)
	at org.springframework.beans.factory.support.BeanDefinitionValueResolver.resolveValueIfNecessary(BeanDefinitionValueResolver.java:129)
	at org.springframework.beans.factory.support.AbstractAutowireCapableBeanFactory.applyPropertyValues(AbstractAutowireCapableBeanFactory.java:1457)
	at org.springframework.beans.factory.support.AbstractAutowireCapableBeanFactory.populateBean(AbstractAutowireCapableBeanFactory.java:1198)
	at org.springframework.beans.factory.support.AbstractAutowireCapableBeanFactory.doCreateBean(AbstractAutowireCapableBeanFactory.java:537)
	at org.springframework.beans.factory.support.AbstractAutowireCapableBeanFactory.createBean(AbstractAutowireCapableBeanFactory.java:475)
	at org.springframework.beans.factory.support.AbstractBeanFactory$1.getObject(AbstractBeanFactory.java:302)
	at org.springframework.beans.factory.support.DefaultSingletonBeanRegistry.getSingleton(DefaultSingletonBeanRegistry.java:228)
	at org.springframework.beans.factory.support.AbstractBeanFactory.doGetBean(AbstractBeanFactory.java:298)
	at org.springframework.beans.factory.support.AbstractBeanFactory.getBean(AbstractBeanFactory.java:198)
	at org.springframework.context.support.AbstractApplicationContext.getBean(AbstractApplicationContext.java:981)
	at org.codehaus.groovy.grails.orm.hibernate.SessionFactoryProxy.getCurrentSessionFactory(SessionFactoryProxy.java:126)
	at org.codehaus.groovy.grails.orm.hibernate.GrailsHibernateTemplate.<init>(GrailsHibernateTemplate.java:78)
	at org.codehaus.groovy.grails.orm.hibernate.GrailsHibernateTemplate.<init>(GrailsHibernateTemplate.java:92)
	at org.codehaus.groovy.grails.orm.hibernate.metaclass.AbstractStaticPersistentMethod.<init>(AbstractStaticPersistentMethod.java:59)
	at org.codehaus.groovy.grails.orm.hibernate.metaclass.AbstractClausedStaticPersistentMethod.<init>(AbstractClausedStaticPersistentMethod.java:402)
	at org.codehaus.groovy.grails.orm.hibernate.metaclass.FindAllByPersistentMethod.<init>(FindAllByPersistentMethod.java:63)
	at org.codehaus.groovy.grails.orm.hibernate.HibernateGormEnhancer.createDynamicFinders(HibernateGormEnhancer.groovy:53)
	at org.grails.datastore.gorm.GormEnhancer.getFinders(GormEnhancer.groovy:83)
	at org.codehaus.groovy.grails.orm.hibernate.AbstractHibernateGormEnhancer.<init>(AbstractHibernateGormEnhancer.groovy:45)
	at org.codehaus.groovy.grails.orm.hibernate.HibernateGormEnhancer.<init>(HibernateGormEnhancer.groovy:47)
	at org.codehaus.groovy.grails.orm.hibernate.cfg.HibernateUtils.enhanceSessionFactory(HibernateUtils.groovy:114)
	at org.codehaus.groovy.grails.orm.hibernate.cfg.HibernateUtils.enhanceSessionFactories(HibernateUtils.groovy:95)
	at org.codehaus.groovy.grails.orm.hibernate.cfg.HibernateUtils$enhanceSessionFactories$0.call(Unknown Source)
	at grails.plugin.hibernate4.HibernatePluginSupport$__clinit__closure2_closure13.doCall(HibernatePluginSupport.groovy:415)
	at grails.plugin.hibernate4.HibernatePluginSupport$__clinit__closure2_closure13.doCall(HibernatePluginSupport.groovy)
	at sun.reflect.NativeMethodAccessorImpl.invoke0(Native Method)
	at sun.reflect.NativeMethodAccessorImpl.invoke(NativeMethodAccessorImpl.java:62)
	at sun.reflect.DelegatingMethodAccessorImpl.invoke(DelegatingMethodAccessorImpl.java:43)
	at java.lang.reflect.Method.invoke(Method.java:483)
	at org.springsource.loaded.ri.ReflectiveInterceptor.jlrMethodInvoke(ReflectiveInterceptor.java:1276)
	at org.codehaus.groovy.runtime.callsite.PogoMetaMethodSite$PogoCachedMethodSiteNoUnwrapNoCoerce.invoke(PogoMetaMethodSite.java:207)
	at org.codehaus.groovy.runtime.callsite.PogoMetaMethodSite.call(PogoMetaMethodSite.java:68)
	at org.codehaus.groovy.runtime.callsite.AbstractCallSite.call(AbstractCallSite.java:112)
	at grails.plugin.hibernate4.HibernatePluginSupport$__clinit__closure2.doCall(HibernatePluginSupport.groovy:436)
	at sun.reflect.NativeMethodAccessorImpl.invoke0(Native Method)
	at sun.reflect.NativeMethodAccessorImpl.invoke(NativeMethodAccessorImpl.java:62)
	at sun.reflect.DelegatingMethodAccessorImpl.invoke(DelegatingMethodAccessorImpl.java:43)
	at java.lang.reflect.Method.invoke(Method.java:483)
	at org.springsource.loaded.ri.ReflectiveInterceptor.jlrMethodInvoke(ReflectiveInterceptor.java:1276)
	at org.codehaus.groovy.reflection.CachedMethod.invoke(CachedMethod.java:90)
	at groovy.lang.MetaMethod.doMethodInvoke(MetaMethod.java:324)
	at groovy.lang.MetaClassImpl.invokeMethod(MetaClassImpl.java:1207)
	at groovy.lang.ExpandoMetaClass.invokeMethod(ExpandoMetaClass.java:1110)
	at groovy.lang.MetaClassImpl.invokeMethod(MetaClassImpl.java:1016)
	at groovy.lang.Closure.call(Closure.java:423)
	at org.codehaus.groovy.grails.plugins.DefaultGrailsPlugin.invokeOnChangeListener(DefaultGrailsPlugin.java:767)
	at org.codehaus.groovy.grails.plugins.DefaultGrailsPlugin.notifyOfEvent(DefaultGrailsPlugin.java:716)
	at org.codehaus.groovy.grails.plugins.DefaultGrailsPluginManager.informObservers(DefaultGrailsPluginManager.java:242)
	at org.codehaus.groovy.grails.plugins.DefaultGrailsPlugin.notifyOfEvent(DefaultGrailsPlugin.java:732)
	at org.codehaus.groovy.grails.plugins.AbstractGrailsPluginManager.informOfClassChange(AbstractGrailsPluginManager.java:408)
	at org.codehaus.groovy.grails.project.compiler.GrailsProjectWatcher$2.run(GrailsProjectWatcher.java:246)
	at org.codehaus.groovy.grails.project.compiler.GrailsProjectWatcher.firePendingClassChangeEvents(GrailsProjectWatcher.java:107)
	at org.codehaus.groovy.grails.cli.agent.GrailsPluginManagerReloadPlugin.reloadEvent(GrailsPluginManagerReloadPlugin.java:42)
	at org.springsource.loaded.TypeRegistry.fireReloadEvent(TypeRegistry.java:1794)
	at org.springsource.loaded.ReloadableType.loadNewVersion(ReloadableType.java:417)
	at org.springsource.loaded.TypeRegistry.loadNewVersion(TypeRegistry.java:845)
	at org.springsource.loaded.agent.ReloadableFileChangeListener.fileChanged(ReloadableFileChangeListener.java:51)
	at org.springsource.loaded.agent.Watcher.determineChangesSince(FileSystemWatcher.java:235)
	at org.springsource.loaded.agent.Watcher.run(FileSystemWatcher.java:219)
	at java.lang.Thread.run(Thread.java:745)
Caused by: org.hibernate.MappingException: An association from the table post refers to an unmapped class: com.grailsinaction.User
	at org.hibernate.cfg.Configuration.secondPassCompileForeignKeys(Configuration.java:1805)
	at org.hibernate.cfg.Configuration.originalSecondPassCompile(Configuration.java:1739)
	at org.hibernate.cfg.Configuration.secondPassCompile(Configuration.java:1424)
	at org.codehaus.groovy.grails.orm.hibernate.cfg.GrailsAnnotationConfiguration.secondPassCompile(GrailsAnnotationConfiguration.java:173)
	at org.hibernate.cfg.Configuration.buildSessionFactory(Configuration.java:1844)
	at org.codehaus.groovy.grails.orm.hibernate.cfg.GrailsAnnotationConfiguration.buildSessionFactory(GrailsAnnotationConfiguration.java:372)
	at org.codehaus.groovy.grails.orm.hibernate.ConfigurableLocalSessionFactoryBean.doBuildSessionFactory(ConfigurableLocalSessionFactoryBean.java:479)
	at org.codehaus.groovy.grails.orm.hibernate.ConfigurableLocalSessionFactoryBean.buildSessionFactory(ConfigurableLocalSessionFactoryBean.java:473)
	at org.codehaus.groovy.grails.orm.hibernate.ConfigurableLocalSessionFactoryBean.afterPropertiesSet(ConfigurableLocalSessionFactoryBean.java:387)
	at org.springframework.beans.factory.support.AbstractAutowireCapableBeanFactory.invokeInitMethods(AbstractAutowireCapableBeanFactory.java:1613)
	at org.springframework.beans.factory.support.AbstractAutowireCapableBeanFactory.initializeBean(AbstractAutowireCapableBeanFactory.java:1550)
	... 63 more
2014-12-14 14:20:31,877 [FileSystemWatcher: files=#131 cl=groovy.lang.GroovyClassLoader@344f4dea] ERROR StackTrace  - Full Stack Trace:
org.hibernate.MappingException: An association from the table post refers to an unmapped class: com.grailsinaction.User
	at org.hibernate.cfg.Configuration.secondPassCompileForeignKeys(Configuration.java:1805)
	at org.hibernate.cfg.Configuration.originalSecondPassCompile(Configuration.java:1739)
	at org.hibernate.cfg.Configuration.secondPassCompile(Configuration.java:1424)
	at org.codehaus.groovy.grails.orm.hibernate.cfg.GrailsAnnotationConfiguration.secondPassCompile(GrailsAnnotationConfiguration.java:173)
	at org.hibernate.cfg.Configuration.buildSessionFactory(Configuration.java:1844)
	at org.codehaus.groovy.grails.orm.hibernate.cfg.GrailsAnnotationConfiguration.buildSessionFactory(GrailsAnnotationConfiguration.java:372)
	at org.codehaus.groovy.grails.orm.hibernate.ConfigurableLocalSessionFactoryBean.doBuildSessionFactory(ConfigurableLocalSessionFactoryBean.java:479)
	at org.codehaus.groovy.grails.orm.hibernate.ConfigurableLocalSessionFactoryBean.buildSessionFactory(ConfigurableLocalSessionFactoryBean.java:473)
	at org.codehaus.groovy.grails.orm.hibernate.ConfigurableLocalSessionFactoryBean.afterPropertiesSet(ConfigurableLocalSessionFactoryBean.java:387)
	at org.springframework.beans.factory.support.AbstractAutowireCapableBeanFactory.invokeInitMethods(AbstractAutowireCapableBeanFactory.java:1613)
	at org.springframework.beans.factory.support.AbstractAutowireCapableBeanFactory.initializeBean(AbstractAutowireCapableBeanFactory.java:1550)
	at org.springframework.beans.factory.support.AbstractAutowireCapableBeanFactory.doCreateBean(AbstractAutowireCapableBeanFactory.java:539)
	at org.springframework.beans.factory.support.AbstractAutowireCapableBeanFactory.createBean(AbstractAutowireCapableBeanFactory.java:475)
	at org.springframework.beans.factory.support.BeanDefinitionValueResolver.resolveInnerBean(BeanDefinitionValueResolver.java:276)
	at org.springframework.beans.factory.support.BeanDefinitionValueResolver.resolveValueIfNecessary(BeanDefinitionValueResolver.java:129)
	at org.springframework.beans.factory.support.AbstractAutowireCapableBeanFactory.applyPropertyValues(AbstractAutowireCapableBeanFactory.java:1457)
	at org.springframework.beans.factory.support.AbstractAutowireCapableBeanFactory.populateBean(AbstractAutowireCapableBeanFactory.java:1198)
	at org.springframework.beans.factory.support.AbstractAutowireCapableBeanFactory.doCreateBean(AbstractAutowireCapableBeanFactory.java:537)
	at org.springframework.beans.factory.support.AbstractAutowireCapableBeanFactory.createBean(AbstractAutowireCapableBeanFactory.java:475)
	at org.springframework.beans.factory.support.AbstractBeanFactory$1.getObject(AbstractBeanFactory.java:302)
	at org.springframework.beans.factory.support.DefaultSingletonBeanRegistry.getSingleton(DefaultSingletonBeanRegistry.java:228)
	at org.springframework.beans.factory.support.AbstractBeanFactory.doGetBean(AbstractBeanFactory.java:298)
	at org.springframework.beans.factory.support.AbstractBeanFactory.getBean(AbstractBeanFactory.java:198)
	at org.springframework.context.support.AbstractApplicationContext.getBean(AbstractApplicationContext.java:981)
	at org.codehaus.groovy.grails.orm.hibernate.SessionFactoryProxy.getCurrentSessionFactory(SessionFactoryProxy.java:126)
	at org.codehaus.groovy.grails.orm.hibernate.GrailsHibernateTemplate.<init>(GrailsHibernateTemplate.java:78)
	at org.codehaus.groovy.grails.orm.hibernate.GrailsHibernateTemplate.<init>(GrailsHibernateTemplate.java:92)
	at org.codehaus.groovy.grails.orm.hibernate.metaclass.AbstractStaticPersistentMethod.<init>(AbstractStaticPersistentMethod.java:59)
	at org.codehaus.groovy.grails.orm.hibernate.metaclass.AbstractClausedStaticPersistentMethod.<init>(AbstractClausedStaticPersistentMethod.java:402)
	at org.codehaus.groovy.grails.orm.hibernate.metaclass.FindAllByPersistentMethod.<init>(FindAllByPersistentMethod.java:63)
	at org.codehaus.groovy.grails.orm.hibernate.HibernateGormEnhancer.createDynamicFinders(HibernateGormEnhancer.groovy:53)
	at org.grails.datastore.gorm.GormEnhancer.getFinders(GormEnhancer.groovy:83)
	at org.codehaus.groovy.grails.orm.hibernate.AbstractHibernateGormEnhancer.<init>(AbstractHibernateGormEnhancer.groovy:45)
	at org.codehaus.groovy.grails.orm.hibernate.HibernateGormEnhancer.<init>(HibernateGormEnhancer.groovy:47)
	at org.codehaus.groovy.grails.orm.hibernate.cfg.HibernateUtils.enhanceSessionFactory(HibernateUtils.groovy:114)
	at org.codehaus.groovy.grails.orm.hibernate.cfg.HibernateUtils.enhanceSessionFactories(HibernateUtils.groovy:95)
	at org.codehaus.groovy.grails.orm.hibernate.cfg.HibernateUtils$enhanceSessionFactories$0.call(Unknown Source)
	at grails.plugin.hibernate4.HibernatePluginSupport$__clinit__closure2_closure13.doCall(HibernatePluginSupport.groovy:415)
	at grails.plugin.hibernate4.HibernatePluginSupport$__clinit__closure2_closure13.doCall(HibernatePluginSupport.groovy)
	at sun.reflect.NativeMethodAccessorImpl.invoke0(Native Method)
	at sun.reflect.NativeMethodAccessorImpl.invoke(NativeMethodAccessorImpl.java:62)
	at sun.reflect.DelegatingMethodAccessorImpl.invoke(DelegatingMethodAccessorImpl.java:43)
	at java.lang.reflect.Method.invoke(Method.java:483)
	at org.springsource.loaded.ri.ReflectiveInterceptor.jlrMethodInvoke(ReflectiveInterceptor.java:1276)
	at org.codehaus.groovy.runtime.callsite.PogoMetaMethodSite$PogoCachedMethodSiteNoUnwrapNoCoerce.invoke(PogoMetaMethodSite.java:207)
	at org.codehaus.groovy.runtime.callsite.PogoMetaMethodSite.call(PogoMetaMethodSite.java:68)
	at org.codehaus.groovy.runtime.callsite.AbstractCallSite.call(AbstractCallSite.java:112)
	at grails.plugin.hibernate4.HibernatePluginSupport$__clinit__closure2.doCall(HibernatePluginSupport.groovy:436)
	at sun.reflect.NativeMethodAccessorImpl.invoke0(Native Method)
	at sun.reflect.NativeMethodAccessorImpl.invoke(NativeMethodAccessorImpl.java:62)
	at sun.reflect.DelegatingMethodAccessorImpl.invoke(DelegatingMethodAccessorImpl.java:43)
	at java.lang.reflect.Method.invoke(Method.java:483)
	at org.springsource.loaded.ri.ReflectiveInterceptor.jlrMethodInvoke(ReflectiveInterceptor.java:1276)
	at org.codehaus.groovy.reflection.CachedMethod.invoke(CachedMethod.java:90)
	at groovy.lang.MetaMethod.doMethodInvoke(MetaMethod.java:324)
	at groovy.lang.MetaClassImpl.invokeMethod(MetaClassImpl.java:1207)
	at groovy.lang.ExpandoMetaClass.invokeMethod(ExpandoMetaClass.java:1110)
	at groovy.lang.MetaClassImpl.invokeMethod(MetaClassImpl.java:1016)
	at groovy.lang.Closure.call(Closure.java:423)
	at org.codehaus.groovy.grails.plugins.DefaultGrailsPlugin.invokeOnChangeListener(DefaultGrailsPlugin.java:767)
	at org.codehaus.groovy.grails.plugins.DefaultGrailsPlugin.notifyOfEvent(DefaultGrailsPlugin.java:716)
	at org.codehaus.groovy.grails.plugins.DefaultGrailsPluginManager.informObservers(DefaultGrailsPluginManager.java:242)
	at org.codehaus.groovy.grails.plugins.DefaultGrailsPlugin.notifyOfEvent(DefaultGrailsPlugin.java:732)
	at org.codehaus.groovy.grails.plugins.AbstractGrailsPluginManager.informOfClassChange(AbstractGrailsPluginManager.java:408)
	at org.codehaus.groovy.grails.project.compiler.GrailsProjectWatcher$2.run(GrailsProjectWatcher.java:246)
	at org.codehaus.groovy.grails.project.compiler.GrailsProjectWatcher.firePendingClassChangeEvents(GrailsProjectWatcher.java:107)
	at org.codehaus.groovy.grails.cli.agent.GrailsPluginManagerReloadPlugin.reloadEvent(GrailsPluginManagerReloadPlugin.java:42)
	at org.springsource.loaded.TypeRegistry.fireReloadEvent(TypeRegistry.java:1794)
	at org.springsource.loaded.ReloadableType.loadNewVersion(ReloadableType.java:417)
	at org.springsource.loaded.TypeRegistry.loadNewVersion(TypeRegistry.java:845)
	at org.springsource.loaded.agent.ReloadableFileChangeListener.fileChanged(ReloadableFileChangeListener.java:51)
	at org.springsource.loaded.agent.Watcher.determineChangesSince(FileSystemWatcher.java:235)
	at org.springsource.loaded.agent.Watcher.run(FileSystemWatcher.java:219)
	at java.lang.Thread.run(Thread.java:745)
2014-12-14 14:20:31,877 [FileSystemWatcher: files=#131 cl=groovy.lang.GroovyClassLoader@344f4dea] ERROR StackTrace  - Full Stack Trace:
org.springframework.beans.factory.BeanCreationException: Error creating bean with name 'org.grails.internal.SESSION_FACTORY_HOLDER': Cannot create inner bean '(inner bean)#4b0fb4dc' of type [org.codehaus.groovy.grails.orm.hibernate.ConfigurableLocalSessionFactoryBean] while setting bean property 'sessionFactory'; nested exception is org.springframework.beans.factory.BeanCreationException: Error creating bean with name '(inner bean)#4b0fb4dc': Invocation of init method failed; nested exception is org.hibernate.MappingException: An association from the table post refers to an unmapped class: com.grailsinaction.User
	at org.grails.datastore.gorm.GormEnhancer.getFinders(GormEnhancer.groovy:83)
	at grails.plugin.hibernate4.HibernatePluginSupport$__clinit__closure2_closure13.doCall(HibernatePluginSupport.groovy:415)
	at grails.plugin.hibernate4.HibernatePluginSupport$__clinit__closure2.doCall(HibernatePluginSupport.groovy:436)
	at java.lang.Thread.run(Thread.java:745)
Caused by: org.springframework.beans.factory.BeanCreationException: Error creating bean with name '(inner bean)#4b0fb4dc': Invocation of init method failed; nested exception is org.hibernate.MappingException: An association from the table post refers to an unmapped class: com.grailsinaction.User
	... 4 more
Caused by: org.hibernate.MappingException: An association from the table post refers to an unmapped class: com.grailsinaction.User
	... 4 more
2014-12-14 14:20:31,877 [FileSystemWatcher: files=#131 cl=groovy.lang.GroovyClassLoader@344f4dea] ERROR StackTrace  - Full Stack Trace:
org.springframework.beans.factory.BeanCreationException: Error creating bean with name 'org.grails.internal.SESSION_FACTORY_HOLDER': Cannot create inner bean '(inner bean)#4b0fb4dc' of type [org.codehaus.groovy.grails.orm.hibernate.ConfigurableLocalSessionFactoryBean] while setting bean property 'sessionFactory'; nested exception is org.springframework.beans.factory.BeanCreationException: Error creating bean with name '(inner bean)#4b0fb4dc': Invocation of init method failed; nested exception is org.hibernate.MappingException: An association from the table post refers to an unmapped class: com.grailsinaction.User
	at org.grails.datastore.gorm.GormEnhancer.getFinders(GormEnhancer.groovy:83)
	at grails.plugin.hibernate4.HibernatePluginSupport$__clinit__closure2_closure13.doCall(HibernatePluginSupport.groovy:415)
	at grails.plugin.hibernate4.HibernatePluginSupport$__clinit__closure2.doCall(HibernatePluginSupport.groovy:436)
	at java.lang.Thread.run(Thread.java:745)
Caused by: org.springframework.beans.factory.BeanCreationException: Error creating bean with name '(inner bean)#4b0fb4dc': Invocation of init method failed; nested exception is org.hibernate.MappingException: An association from the table post refers to an unmapped class: com.grailsinaction.User
	... 4 more
Caused by: org.hibernate.MappingException: An association from the table post refers to an unmapped class: com.grailsinaction.User
	... 4 more
2014-12-14 14:20:31,878 [FileSystemWatcher: files=#131 cl=groovy.lang.GroovyClassLoader@344f4dea] ERROR StackTrace  - Full Stack Trace:
org.springframework.beans.factory.BeanCreationException: Error creating bean with name '(inner bean)#4b0fb4dc': Invocation of init method failed; nested exception is org.hibernate.MappingException: An association from the table post refers to an unmapped class: com.grailsinaction.User
	at org.grails.datastore.gorm.GormEnhancer.getFinders(GormEnhancer.groovy:83)
	at grails.plugin.hibernate4.HibernatePluginSupport$__clinit__closure2_closure13.doCall(HibernatePluginSupport.groovy:415)
	at grails.plugin.hibernate4.HibernatePluginSupport$__clinit__closure2.doCall(HibernatePluginSupport.groovy:436)
	at java.lang.Thread.run(Thread.java:745)
Caused by: org.hibernate.MappingException: An association from the table post refers to an unmapped class: com.grailsinaction.User
	... 4 more
2014-12-14 14:20:31,878 [FileSystemWatcher: files=#131 cl=groovy.lang.GroovyClassLoader@344f4dea] ERROR StackTrace  - Full Stack Trace:
org.hibernate.MappingException: An association from the table post refers to an unmapped class: com.grailsinaction.User
	at org.grails.datastore.gorm.GormEnhancer.getFinders(GormEnhancer.groovy:83)
	at grails.plugin.hibernate4.HibernatePluginSupport$__clinit__closure2_closure13.doCall(HibernatePluginSupport.groovy:415)
	at grails.plugin.hibernate4.HibernatePluginSupport$__clinit__closure2.doCall(HibernatePluginSupport.groovy:436)
	at java.lang.Thread.run(Thread.java:745)
2014-12-14 14:20:31,878 [FileSystemWatcher: files=#131 cl=groovy.lang.GroovyClassLoader@344f4dea] ERROR StackTrace  - Full Stack Trace:
org.springframework.beans.factory.BeanCreationException: Error creating bean with name 'org.grails.internal.SESSION_FACTORY_HOLDER': Cannot create inner bean '(inner bean)#4b0fb4dc' of type [org.codehaus.groovy.grails.orm.hibernate.ConfigurableLocalSessionFactoryBean] while setting bean property 'sessionFactory'; nested exception is org.springframework.beans.factory.BeanCreationException: Error creating bean with name '(inner bean)#4b0fb4dc': Invocation of init method failed; nested exception is org.hibernate.MappingException: An association from the table post refers to an unmapped class: com.grailsinaction.User
	at org.grails.datastore.gorm.GormEnhancer.getFinders(GormEnhancer.groovy:83)
	at grails.plugin.hibernate4.HibernatePluginSupport$__clinit__closure2_closure13.doCall(HibernatePluginSupport.groovy:415)
	at grails.plugin.hibernate4.HibernatePluginSupport$__clinit__closure2.doCall(HibernatePluginSupport.groovy:436)
	at java.lang.Thread.run(Thread.java:745)
Caused by: org.springframework.beans.factory.BeanCreationException: Error creating bean with name '(inner bean)#4b0fb4dc': Invocation of init method failed; nested exception is org.hibernate.MappingException: An association from the table post refers to an unmapped class: com.grailsinaction.User
	... 4 more
Caused by: org.hibernate.MappingException: An association from the table post refers to an unmapped class: com.grailsinaction.User
	... 4 more
2014-12-14 14:21:22,746 [main] ERROR StackTrace  - Full Stack Trace:
java.lang.Exception: No tests found matching grails test target pattern filter from org.junit.runner.Request$1@6c03fb16
	at org.junit.internal.requests.FilterRequest.getRunner(FilterRequest.java:35)
	at org.junit.runner.JUnitCore.run(JUnitCore.java:138)
	at org.junit.runner.JUnitCore$run$0.call(Unknown Source)
	at org.codehaus.groovy.runtime.callsite.CallSiteArray.defaultCall(CallSiteArray.java:45)
	at org.codehaus.groovy.runtime.callsite.AbstractCallSite.call(AbstractCallSite.java:108)
	at org.codehaus.groovy.runtime.callsite.AbstractCallSite.call(AbstractCallSite.java:116)
	at org.codehaus.groovy.grails.test.spock.GrailsSpecTestType.doRun(GrailsSpecTestType.groovy:147)
	at org.codehaus.groovy.grails.test.support.GrailsTestTypeSupport.run(GrailsTestTypeSupport.groovy:121)
	at org.codehaus.groovy.grails.test.runner.GrailsProjectTestRunner.runTests(GrailsProjectTestRunner.groovy:415)
	at org.codehaus.groovy.grails.test.runner.GrailsProjectTestRunner.processTests(GrailsProjectTestRunner.groovy:395)
	at sun.reflect.NativeMethodAccessorImpl.invoke0(Native Method)
	at sun.reflect.NativeMethodAccessorImpl.invoke(NativeMethodAccessorImpl.java:62)
	at sun.reflect.DelegatingMethodAccessorImpl.invoke(DelegatingMethodAccessorImpl.java:43)
	at java.lang.reflect.Method.invoke(Method.java:483)
	at org.springsource.loaded.ri.ReflectiveInterceptor.jlrMethodInvoke(ReflectiveInterceptor.java:1270)
	at org.codehaus.groovy.reflection.CachedMethod.invoke(CachedMethod.java:90)
	at groovy.lang.MetaMethod.doMethodInvoke(MetaMethod.java:324)
	at groovy.lang.MetaClassImpl.invokeMethod(MetaClassImpl.java:1207)
	at groovy.lang.ExpandoMetaClass.invokeMethod(ExpandoMetaClass.java:1110)
	at groovy.lang.MetaClassImpl.invokeMethod(MetaClassImpl.java:1016)
	at groovy.lang.MetaClassImpl.invokeMethod(MetaClassImpl.java:1152)
	at groovy.lang.ExpandoMetaClass.invokeMethod(ExpandoMetaClass.java:1110)
	at groovy.lang.MetaClassImpl.invokeMethod(MetaClassImpl.java:1016)
	at org.codehaus.groovy.runtime.callsite.PogoMetaClassSite.callCurrent(PogoMetaClassSite.java:66)
	at org.codehaus.groovy.runtime.callsite.CallSiteArray.defaultCallCurrent(CallSiteArray.java:49)
	at org.codehaus.groovy.runtime.callsite.AbstractCallSite.callCurrent(AbstractCallSite.java:133)
	at org.codehaus.groovy.runtime.callsite.AbstractCallSite.callCurrent(AbstractCallSite.java:141)
	at org.codehaus.groovy.grails.test.runner.GrailsProjectTestRunner$_runAllTests_closure7.doCall(GrailsProjectTestRunner.groovy:313)
	at sun.reflect.NativeMethodAccessorImpl.invoke0(Native Method)
	at sun.reflect.NativeMethodAccessorImpl.invoke(NativeMethodAccessorImpl.java:62)
	at sun.reflect.DelegatingMethodAccessorImpl.invoke(DelegatingMethodAccessorImpl.java:43)
	at java.lang.reflect.Method.invoke(Method.java:483)
	at org.springsource.loaded.ri.ReflectiveInterceptor.jlrMethodInvoke(ReflectiveInterceptor.java:1270)
	at org.codehaus.groovy.reflection.CachedMethod.invoke(CachedMethod.java:90)
	at groovy.lang.MetaMethod.doMethodInvoke(MetaMethod.java:324)
	at groovy.lang.MetaClassImpl.invokeMethod(MetaClassImpl.java:1207)
	at groovy.lang.ExpandoMetaClass.invokeMethod(ExpandoMetaClass.java:1110)
	at groovy.lang.MetaClassImpl.invokeMethod(MetaClassImpl.java:1016)
	at groovy.lang.Closure.call(Closure.java:423)
	at org.codehaus.groovy.runtime.DefaultGroovyMethods.callClosureForMapEntry(DefaultGroovyMethods.java:4271)
	at org.codehaus.groovy.runtime.DefaultGroovyMethods.each(DefaultGroovyMethods.java:1408)
	at org.codehaus.groovy.runtime.dgm$151.invoke(Unknown Source)
	at org.codehaus.groovy.runtime.callsite.PojoMetaMethodSite$PojoMetaMethodSiteNoUnwrapNoCoerce.invoke(PojoMetaMethodSite.java:271)
	at org.codehaus.groovy.runtime.callsite.PojoMetaMethodSite.call(PojoMetaMethodSite.java:53)
	at org.codehaus.groovy.runtime.callsite.CallSiteArray.defaultCall(CallSiteArray.java:45)
	at org.codehaus.groovy.runtime.callsite.AbstractCallSite.call(AbstractCallSite.java:108)
	at org.codehaus.groovy.runtime.callsite.AbstractCallSite.call(AbstractCallSite.java:116)
	at org.codehaus.groovy.grails.test.runner.GrailsProjectTestRunner.runAllTests(GrailsProjectTestRunner.groovy:299)
	at org.codehaus.groovy.grails.test.runner.GrailsProjectTestRunner.runAllTests(GrailsProjectTestRunner.groovy:214)
	at org.codehaus.groovy.grails.test.runner.GrailsProjectTestRunner.runAllTests(GrailsProjectTestRunner.groovy)
	at org.codehaus.groovy.grails.test.runner.GrailsProjectTestRunner$runAllTests$0.call(Unknown Source)
	at org.codehaus.groovy.runtime.callsite.CallSiteArray.defaultCall(CallSiteArray.java:45)
	at org.codehaus.groovy.runtime.callsite.AbstractCallSite.call(AbstractCallSite.java:108)
	at org.codehaus.groovy.runtime.callsite.AbstractCallSite.call(AbstractCallSite.java:116)
	at org.codehaus.groovy.grails.cli.fork.testing.ForkedGrailsTestRunner.runInstance(ForkedGrailsTestRunner.groovy:128)
	at org.codehaus.groovy.grails.cli.fork.ForkedGrailsProjectClassExecutor.run(ForkedGrailsProjectClassExecutor.groovy:74)
	at org.codehaus.groovy.grails.cli.fork.testing.ForkedGrailsTestRunner.main(ForkedGrailsTestRunner.groovy:75)
2014-12-14 14:21:22,751 [main] ERROR StackTrace  - Full Stack Trace:
java.lang.Exception: No tests found matching grails test target pattern filter from org.junit.runner.Request$1@6c03fb16
	at org.junit.internal.requests.FilterRequest.getRunner(FilterRequest.java:35)
	at org.junit.runner.JUnitCore.run(JUnitCore.java:138)
2014-12-14 14:21:22,752 [main] ERROR StackTrace  - Full Stack Trace:
java.lang.Exception: No tests found matching grails test target pattern filter from org.junit.runner.Request$1@6c03fb16
	at org.junit.internal.requests.FilterRequest.getRunner(FilterRequest.java:35)
	at org.junit.runner.JUnitCore.run(JUnitCore.java:138)
2014-12-14 14:21:22,753 [main] ERROR StackTrace  - Full Stack Trace:
java.lang.Exception: No tests found matching grails test target pattern filter from org.junit.runner.Request$1@6c03fb16
	at org.junit.internal.requests.FilterRequest.getRunner(FilterRequest.java:35)
	at org.junit.runner.JUnitCore.run(JUnitCore.java:138)
2014-12-14 14:21:22,773 [main] ERROR StackTrace  - Full Stack Trace:
java.lang.Exception: No tests found matching grails test target pattern filter from org.junit.runner.Request$1@6c03fb16
	at org.junit.internal.requests.FilterRequest.getRunner(FilterRequest.java:35)
	at org.junit.runner.JUnitCore.run(JUnitCore.java:138)
2014-12-14 14:21:22,774 [main] ERROR StackTrace  - Full Stack Trace:
java.lang.Exception: No tests found matching grails test target pattern filter from org.junit.runner.Request$1@6c03fb16
	at org.junit.internal.requests.FilterRequest.getRunner(FilterRequest.java:35)
	at org.junit.runner.JUnitCore.run(JUnitCore.java:138)
2014-12-14 14:22:07,672 [main] ERROR StackTrace  - Full Stack Trace:
java.lang.Exception: No tests found matching grails test target pattern filter from org.junit.runner.Request$1@4b2d44bc
	at org.junit.internal.requests.FilterRequest.getRunner(FilterRequest.java:35)
	at org.junit.runner.JUnitCore.run(JUnitCore.java:138)
	at org.junit.runner.JUnitCore$run$0.call(Unknown Source)
	at org.codehaus.groovy.runtime.callsite.CallSiteArray.defaultCall(CallSiteArray.java:45)
	at org.codehaus.groovy.runtime.callsite.AbstractCallSite.call(AbstractCallSite.java:108)
	at org.codehaus.groovy.runtime.callsite.AbstractCallSite.call(AbstractCallSite.java:116)
	at org.codehaus.groovy.grails.test.spock.GrailsSpecTestType.doRun(GrailsSpecTestType.groovy:147)
	at org.codehaus.groovy.grails.test.support.GrailsTestTypeSupport.run(GrailsTestTypeSupport.groovy:121)
	at org.codehaus.groovy.grails.test.runner.GrailsProjectTestRunner.runTests(GrailsProjectTestRunner.groovy:415)
	at org.codehaus.groovy.grails.test.runner.GrailsProjectTestRunner.processTests(GrailsProjectTestRunner.groovy:395)
	at sun.reflect.NativeMethodAccessorImpl.invoke0(Native Method)
	at sun.reflect.NativeMethodAccessorImpl.invoke(NativeMethodAccessorImpl.java:62)
	at sun.reflect.DelegatingMethodAccessorImpl.invoke(DelegatingMethodAccessorImpl.java:43)
	at java.lang.reflect.Method.invoke(Method.java:483)
	at org.springsource.loaded.ri.ReflectiveInterceptor.jlrMethodInvoke(ReflectiveInterceptor.java:1270)
	at org.codehaus.groovy.reflection.CachedMethod.invoke(CachedMethod.java:90)
	at groovy.lang.MetaMethod.doMethodInvoke(MetaMethod.java:324)
	at groovy.lang.MetaClassImpl.invokeMethod(MetaClassImpl.java:1207)
	at groovy.lang.ExpandoMetaClass.invokeMethod(ExpandoMetaClass.java:1110)
	at groovy.lang.MetaClassImpl.invokeMethod(MetaClassImpl.java:1016)
	at groovy.lang.MetaClassImpl.invokeMethod(MetaClassImpl.java:1152)
	at groovy.lang.ExpandoMetaClass.invokeMethod(ExpandoMetaClass.java:1110)
	at groovy.lang.MetaClassImpl.invokeMethod(MetaClassImpl.java:1016)
	at org.codehaus.groovy.runtime.callsite.PogoMetaClassSite.callCurrent(PogoMetaClassSite.java:66)
	at org.codehaus.groovy.runtime.callsite.CallSiteArray.defaultCallCurrent(CallSiteArray.java:49)
	at org.codehaus.groovy.runtime.callsite.AbstractCallSite.callCurrent(AbstractCallSite.java:133)
	at org.codehaus.groovy.runtime.callsite.AbstractCallSite.callCurrent(AbstractCallSite.java:141)
	at org.codehaus.groovy.grails.test.runner.GrailsProjectTestRunner$_runAllTests_closure7.doCall(GrailsProjectTestRunner.groovy:313)
	at sun.reflect.NativeMethodAccessorImpl.invoke0(Native Method)
	at sun.reflect.NativeMethodAccessorImpl.invoke(NativeMethodAccessorImpl.java:62)
	at sun.reflect.DelegatingMethodAccessorImpl.invoke(DelegatingMethodAccessorImpl.java:43)
	at java.lang.reflect.Method.invoke(Method.java:483)
	at org.springsource.loaded.ri.ReflectiveInterceptor.jlrMethodInvoke(ReflectiveInterceptor.java:1270)
	at org.codehaus.groovy.reflection.CachedMethod.invoke(CachedMethod.java:90)
	at groovy.lang.MetaMethod.doMethodInvoke(MetaMethod.java:324)
	at groovy.lang.MetaClassImpl.invokeMethod(MetaClassImpl.java:1207)
	at groovy.lang.ExpandoMetaClass.invokeMethod(ExpandoMetaClass.java:1110)
	at groovy.lang.MetaClassImpl.invokeMethod(MetaClassImpl.java:1016)
	at groovy.lang.Closure.call(Closure.java:423)
	at org.codehaus.groovy.runtime.DefaultGroovyMethods.callClosureForMapEntry(DefaultGroovyMethods.java:4271)
	at org.codehaus.groovy.runtime.DefaultGroovyMethods.each(DefaultGroovyMethods.java:1408)
	at org.codehaus.groovy.runtime.dgm$151.invoke(Unknown Source)
	at org.codehaus.groovy.runtime.callsite.PojoMetaMethodSite$PojoMetaMethodSiteNoUnwrapNoCoerce.invoke(PojoMetaMethodSite.java:271)
	at org.codehaus.groovy.runtime.callsite.PojoMetaMethodSite.call(PojoMetaMethodSite.java:53)
	at org.codehaus.groovy.runtime.callsite.CallSiteArray.defaultCall(CallSiteArray.java:45)
	at org.codehaus.groovy.runtime.callsite.AbstractCallSite.call(AbstractCallSite.java:108)
	at org.codehaus.groovy.runtime.callsite.AbstractCallSite.call(AbstractCallSite.java:116)
	at org.codehaus.groovy.grails.test.runner.GrailsProjectTestRunner.runAllTests(GrailsProjectTestRunner.groovy:299)
	at org.codehaus.groovy.grails.test.runner.GrailsProjectTestRunner.runAllTests(GrailsProjectTestRunner.groovy:214)
	at org.codehaus.groovy.grails.test.runner.GrailsProjectTestRunner.runAllTests(GrailsProjectTestRunner.groovy)
	at org.codehaus.groovy.grails.test.runner.GrailsProjectTestRunner$runAllTests$0.call(Unknown Source)
	at org.codehaus.groovy.runtime.callsite.CallSiteArray.defaultCall(CallSiteArray.java:45)
	at org.codehaus.groovy.runtime.callsite.AbstractCallSite.call(AbstractCallSite.java:108)
	at org.codehaus.groovy.runtime.callsite.AbstractCallSite.call(AbstractCallSite.java:116)
	at org.codehaus.groovy.grails.cli.fork.testing.ForkedGrailsTestRunner.runInstance(ForkedGrailsTestRunner.groovy:128)
	at org.codehaus.groovy.grails.cli.fork.ForkedGrailsProjectClassExecutor.run(ForkedGrailsProjectClassExecutor.groovy:74)
	at org.codehaus.groovy.grails.cli.fork.testing.ForkedGrailsTestRunner.main(ForkedGrailsTestRunner.groovy:75)
2014-12-14 14:22:07,675 [main] ERROR StackTrace  - Full Stack Trace:
java.lang.Exception: No tests found matching grails test target pattern filter from org.junit.runner.Request$1@4b2d44bc
	at org.junit.internal.requests.FilterRequest.getRunner(FilterRequest.java:35)
	at org.junit.runner.JUnitCore.run(JUnitCore.java:138)
2014-12-14 14:22:07,677 [main] ERROR StackTrace  - Full Stack Trace:
java.lang.Exception: No tests found matching grails test target pattern filter from org.junit.runner.Request$1@4b2d44bc
	at org.junit.internal.requests.FilterRequest.getRunner(FilterRequest.java:35)
	at org.junit.runner.JUnitCore.run(JUnitCore.java:138)
2014-12-14 14:22:07,677 [main] ERROR StackTrace  - Full Stack Trace:
java.lang.Exception: No tests found matching grails test target pattern filter from org.junit.runner.Request$1@4b2d44bc
	at org.junit.internal.requests.FilterRequest.getRunner(FilterRequest.java:35)
	at org.junit.runner.JUnitCore.run(JUnitCore.java:138)
2014-12-14 14:22:07,687 [main] ERROR StackTrace  - Full Stack Trace:
java.lang.Exception: No tests found matching grails test target pattern filter from org.junit.runner.Request$1@4b2d44bc
	at org.junit.internal.requests.FilterRequest.getRunner(FilterRequest.java:35)
	at org.junit.runner.JUnitCore.run(JUnitCore.java:138)
2014-12-14 14:22:07,687 [main] ERROR StackTrace  - Full Stack Trace:
java.lang.Exception: No tests found matching grails test target pattern filter from org.junit.runner.Request$1@4b2d44bc
	at org.junit.internal.requests.FilterRequest.getRunner(FilterRequest.java:35)
	at org.junit.runner.JUnitCore.run(JUnitCore.java:138)
2014-12-14 14:24:46,539 [main] ERROR StackTrace  - Full Stack Trace:
java.lang.Exception: No tests found matching grails test target pattern filter from org.junit.runner.Request$1@4b2d44bc
	at org.junit.internal.requests.FilterRequest.getRunner(FilterRequest.java:35)
	at org.junit.runner.JUnitCore.run(JUnitCore.java:138)
	at org.junit.runner.JUnitCore$run$0.call(Unknown Source)
	at org.codehaus.groovy.runtime.callsite.CallSiteArray.defaultCall(CallSiteArray.java:45)
	at org.codehaus.groovy.runtime.callsite.AbstractCallSite.call(AbstractCallSite.java:108)
	at org.codehaus.groovy.runtime.callsite.AbstractCallSite.call(AbstractCallSite.java:116)
	at org.codehaus.groovy.grails.test.spock.GrailsSpecTestType.doRun(GrailsSpecTestType.groovy:147)
	at org.codehaus.groovy.grails.test.support.GrailsTestTypeSupport.run(GrailsTestTypeSupport.groovy:121)
	at org.codehaus.groovy.grails.test.runner.GrailsProjectTestRunner.runTests(GrailsProjectTestRunner.groovy:415)
	at org.codehaus.groovy.grails.test.runner.GrailsProjectTestRunner.processTests(GrailsProjectTestRunner.groovy:395)
	at sun.reflect.NativeMethodAccessorImpl.invoke0(Native Method)
	at sun.reflect.NativeMethodAccessorImpl.invoke(NativeMethodAccessorImpl.java:62)
	at sun.reflect.DelegatingMethodAccessorImpl.invoke(DelegatingMethodAccessorImpl.java:43)
	at java.lang.reflect.Method.invoke(Method.java:483)
	at org.springsource.loaded.ri.ReflectiveInterceptor.jlrMethodInvoke(ReflectiveInterceptor.java:1270)
	at org.codehaus.groovy.reflection.CachedMethod.invoke(CachedMethod.java:90)
	at groovy.lang.MetaMethod.doMethodInvoke(MetaMethod.java:324)
	at groovy.lang.MetaClassImpl.invokeMethod(MetaClassImpl.java:1207)
	at groovy.lang.ExpandoMetaClass.invokeMethod(ExpandoMetaClass.java:1110)
	at groovy.lang.MetaClassImpl.invokeMethod(MetaClassImpl.java:1016)
	at groovy.lang.MetaClassImpl.invokeMethod(MetaClassImpl.java:1152)
	at groovy.lang.ExpandoMetaClass.invokeMethod(ExpandoMetaClass.java:1110)
	at groovy.lang.MetaClassImpl.invokeMethod(MetaClassImpl.java:1016)
	at org.codehaus.groovy.runtime.callsite.PogoMetaClassSite.callCurrent(PogoMetaClassSite.java:66)
	at org.codehaus.groovy.runtime.callsite.CallSiteArray.defaultCallCurrent(CallSiteArray.java:49)
	at org.codehaus.groovy.runtime.callsite.AbstractCallSite.callCurrent(AbstractCallSite.java:133)
	at org.codehaus.groovy.runtime.callsite.AbstractCallSite.callCurrent(AbstractCallSite.java:141)
	at org.codehaus.groovy.grails.test.runner.GrailsProjectTestRunner$_runAllTests_closure7.doCall(GrailsProjectTestRunner.groovy:313)
	at sun.reflect.NativeMethodAccessorImpl.invoke0(Native Method)
	at sun.reflect.NativeMethodAccessorImpl.invoke(NativeMethodAccessorImpl.java:62)
	at sun.reflect.DelegatingMethodAccessorImpl.invoke(DelegatingMethodAccessorImpl.java:43)
	at java.lang.reflect.Method.invoke(Method.java:483)
	at org.springsource.loaded.ri.ReflectiveInterceptor.jlrMethodInvoke(ReflectiveInterceptor.java:1270)
	at org.codehaus.groovy.reflection.CachedMethod.invoke(CachedMethod.java:90)
	at groovy.lang.MetaMethod.doMethodInvoke(MetaMethod.java:324)
	at groovy.lang.MetaClassImpl.invokeMethod(MetaClassImpl.java:1207)
	at groovy.lang.ExpandoMetaClass.invokeMethod(ExpandoMetaClass.java:1110)
	at groovy.lang.MetaClassImpl.invokeMethod(MetaClassImpl.java:1016)
	at groovy.lang.Closure.call(Closure.java:423)
	at org.codehaus.groovy.runtime.DefaultGroovyMethods.callClosureForMapEntry(DefaultGroovyMethods.java:4271)
	at org.codehaus.groovy.runtime.DefaultGroovyMethods.each(DefaultGroovyMethods.java:1408)
	at org.codehaus.groovy.runtime.dgm$151.invoke(Unknown Source)
	at org.codehaus.groovy.runtime.callsite.PojoMetaMethodSite$PojoMetaMethodSiteNoUnwrapNoCoerce.invoke(PojoMetaMethodSite.java:271)
	at org.codehaus.groovy.runtime.callsite.PojoMetaMethodSite.call(PojoMetaMethodSite.java:53)
	at org.codehaus.groovy.runtime.callsite.CallSiteArray.defaultCall(CallSiteArray.java:45)
	at org.codehaus.groovy.runtime.callsite.AbstractCallSite.call(AbstractCallSite.java:108)
	at org.codehaus.groovy.runtime.callsite.AbstractCallSite.call(AbstractCallSite.java:116)
	at org.codehaus.groovy.grails.test.runner.GrailsProjectTestRunner.runAllTests(GrailsProjectTestRunner.groovy:299)
	at org.codehaus.groovy.grails.test.runner.GrailsProjectTestRunner.runAllTests(GrailsProjectTestRunner.groovy:214)
	at org.codehaus.groovy.grails.test.runner.GrailsProjectTestRunner.runAllTests(GrailsProjectTestRunner.groovy)
	at org.codehaus.groovy.grails.test.runner.GrailsProjectTestRunner$runAllTests$0.call(Unknown Source)
	at org.codehaus.groovy.runtime.callsite.CallSiteArray.defaultCall(CallSiteArray.java:45)
	at org.codehaus.groovy.runtime.callsite.AbstractCallSite.call(AbstractCallSite.java:108)
	at org.codehaus.groovy.runtime.callsite.AbstractCallSite.call(AbstractCallSite.java:116)
	at org.codehaus.groovy.grails.cli.fork.testing.ForkedGrailsTestRunner.runInstance(ForkedGrailsTestRunner.groovy:128)
	at org.codehaus.groovy.grails.cli.fork.ForkedGrailsProjectClassExecutor.run(ForkedGrailsProjectClassExecutor.groovy:74)
	at org.codehaus.groovy.grails.cli.fork.testing.ForkedGrailsTestRunner.main(ForkedGrailsTestRunner.groovy:75)
2014-12-14 14:24:46,543 [main] ERROR StackTrace  - Full Stack Trace:
java.lang.Exception: No tests found matching grails test target pattern filter from org.junit.runner.Request$1@4b2d44bc
	at org.junit.internal.requests.FilterRequest.getRunner(FilterRequest.java:35)
	at org.junit.runner.JUnitCore.run(JUnitCore.java:138)
2014-12-14 14:24:46,544 [main] ERROR StackTrace  - Full Stack Trace:
java.lang.Exception: No tests found matching grails test target pattern filter from org.junit.runner.Request$1@4b2d44bc
	at org.junit.internal.requests.FilterRequest.getRunner(FilterRequest.java:35)
	at org.junit.runner.JUnitCore.run(JUnitCore.java:138)
2014-12-14 14:24:46,545 [main] ERROR StackTrace  - Full Stack Trace:
java.lang.Exception: No tests found matching grails test target pattern filter from org.junit.runner.Request$1@4b2d44bc
	at org.junit.internal.requests.FilterRequest.getRunner(FilterRequest.java:35)
	at org.junit.runner.JUnitCore.run(JUnitCore.java:138)
2014-12-14 14:24:46,556 [main] ERROR StackTrace  - Full Stack Trace:
java.lang.Exception: No tests found matching grails test target pattern filter from org.junit.runner.Request$1@4b2d44bc
	at org.junit.internal.requests.FilterRequest.getRunner(FilterRequest.java:35)
	at org.junit.runner.JUnitCore.run(JUnitCore.java:138)
2014-12-14 14:24:46,556 [main] ERROR StackTrace  - Full Stack Trace:
java.lang.Exception: No tests found matching grails test target pattern filter from org.junit.runner.Request$1@4b2d44bc
	at org.junit.internal.requests.FilterRequest.getRunner(FilterRequest.java:35)
	at org.junit.runner.JUnitCore.run(JUnitCore.java:138)
2014-12-14 14:26:44,479 [main] ERROR StackTrace  - Full Stack Trace:
java.lang.Exception: No tests found matching grails test target pattern filter from org.junit.runner.Request$1@4b2d44bc
	at org.junit.internal.requests.FilterRequest.getRunner(FilterRequest.java:35)
	at org.junit.runner.JUnitCore.run(JUnitCore.java:138)
	at org.junit.runner.JUnitCore$run$0.call(Unknown Source)
	at org.codehaus.groovy.runtime.callsite.CallSiteArray.defaultCall(CallSiteArray.java:45)
	at org.codehaus.groovy.runtime.callsite.AbstractCallSite.call(AbstractCallSite.java:108)
	at org.codehaus.groovy.runtime.callsite.AbstractCallSite.call(AbstractCallSite.java:116)
	at org.codehaus.groovy.grails.test.spock.GrailsSpecTestType.doRun(GrailsSpecTestType.groovy:147)
	at org.codehaus.groovy.grails.test.support.GrailsTestTypeSupport.run(GrailsTestTypeSupport.groovy:121)
	at org.codehaus.groovy.grails.test.runner.GrailsProjectTestRunner.runTests(GrailsProjectTestRunner.groovy:415)
	at org.codehaus.groovy.grails.test.runner.GrailsProjectTestRunner.processTests(GrailsProjectTestRunner.groovy:395)
	at sun.reflect.NativeMethodAccessorImpl.invoke0(Native Method)
	at sun.reflect.NativeMethodAccessorImpl.invoke(NativeMethodAccessorImpl.java:62)
	at sun.reflect.DelegatingMethodAccessorImpl.invoke(DelegatingMethodAccessorImpl.java:43)
	at java.lang.reflect.Method.invoke(Method.java:483)
	at org.springsource.loaded.ri.ReflectiveInterceptor.jlrMethodInvoke(ReflectiveInterceptor.java:1270)
	at org.codehaus.groovy.reflection.CachedMethod.invoke(CachedMethod.java:90)
	at groovy.lang.MetaMethod.doMethodInvoke(MetaMethod.java:324)
	at groovy.lang.MetaClassImpl.invokeMethod(MetaClassImpl.java:1207)
	at groovy.lang.ExpandoMetaClass.invokeMethod(ExpandoMetaClass.java:1110)
	at groovy.lang.MetaClassImpl.invokeMethod(MetaClassImpl.java:1016)
	at groovy.lang.MetaClassImpl.invokeMethod(MetaClassImpl.java:1152)
	at groovy.lang.ExpandoMetaClass.invokeMethod(ExpandoMetaClass.java:1110)
	at groovy.lang.MetaClassImpl.invokeMethod(MetaClassImpl.java:1016)
	at org.codehaus.groovy.runtime.callsite.PogoMetaClassSite.callCurrent(PogoMetaClassSite.java:66)
	at org.codehaus.groovy.runtime.callsite.CallSiteArray.defaultCallCurrent(CallSiteArray.java:49)
	at org.codehaus.groovy.runtime.callsite.AbstractCallSite.callCurrent(AbstractCallSite.java:133)
	at org.codehaus.groovy.runtime.callsite.AbstractCallSite.callCurrent(AbstractCallSite.java:141)
	at org.codehaus.groovy.grails.test.runner.GrailsProjectTestRunner$_runAllTests_closure7.doCall(GrailsProjectTestRunner.groovy:313)
	at sun.reflect.NativeMethodAccessorImpl.invoke0(Native Method)
	at sun.reflect.NativeMethodAccessorImpl.invoke(NativeMethodAccessorImpl.java:62)
	at sun.reflect.DelegatingMethodAccessorImpl.invoke(DelegatingMethodAccessorImpl.java:43)
	at java.lang.reflect.Method.invoke(Method.java:483)
	at org.springsource.loaded.ri.ReflectiveInterceptor.jlrMethodInvoke(ReflectiveInterceptor.java:1270)
	at org.codehaus.groovy.reflection.CachedMethod.invoke(CachedMethod.java:90)
	at groovy.lang.MetaMethod.doMethodInvoke(MetaMethod.java:324)
	at groovy.lang.MetaClassImpl.invokeMethod(MetaClassImpl.java:1207)
	at groovy.lang.ExpandoMetaClass.invokeMethod(ExpandoMetaClass.java:1110)
	at groovy.lang.MetaClassImpl.invokeMethod(MetaClassImpl.java:1016)
	at groovy.lang.Closure.call(Closure.java:423)
	at org.codehaus.groovy.runtime.DefaultGroovyMethods.callClosureForMapEntry(DefaultGroovyMethods.java:4271)
	at org.codehaus.groovy.runtime.DefaultGroovyMethods.each(DefaultGroovyMethods.java:1408)
	at org.codehaus.groovy.runtime.dgm$151.invoke(Unknown Source)
	at org.codehaus.groovy.runtime.callsite.PojoMetaMethodSite$PojoMetaMethodSiteNoUnwrapNoCoerce.invoke(PojoMetaMethodSite.java:271)
	at org.codehaus.groovy.runtime.callsite.PojoMetaMethodSite.call(PojoMetaMethodSite.java:53)
	at org.codehaus.groovy.runtime.callsite.CallSiteArray.defaultCall(CallSiteArray.java:45)
	at org.codehaus.groovy.runtime.callsite.AbstractCallSite.call(AbstractCallSite.java:108)
	at org.codehaus.groovy.runtime.callsite.AbstractCallSite.call(AbstractCallSite.java:116)
	at org.codehaus.groovy.grails.test.runner.GrailsProjectTestRunner.runAllTests(GrailsProjectTestRunner.groovy:299)
	at org.codehaus.groovy.grails.test.runner.GrailsProjectTestRunner.runAllTests(GrailsProjectTestRunner.groovy:214)
	at org.codehaus.groovy.grails.test.runner.GrailsProjectTestRunner.runAllTests(GrailsProjectTestRunner.groovy)
	at org.codehaus.groovy.grails.test.runner.GrailsProjectTestRunner$runAllTests$0.call(Unknown Source)
	at org.codehaus.groovy.runtime.callsite.CallSiteArray.defaultCall(CallSiteArray.java:45)
	at org.codehaus.groovy.runtime.callsite.AbstractCallSite.call(AbstractCallSite.java:108)
	at org.codehaus.groovy.runtime.callsite.AbstractCallSite.call(AbstractCallSite.java:116)
	at org.codehaus.groovy.grails.cli.fork.testing.ForkedGrailsTestRunner.runInstance(ForkedGrailsTestRunner.groovy:128)
	at org.codehaus.groovy.grails.cli.fork.ForkedGrailsProjectClassExecutor.run(ForkedGrailsProjectClassExecutor.groovy:74)
	at org.codehaus.groovy.grails.cli.fork.testing.ForkedGrailsTestRunner.main(ForkedGrailsTestRunner.groovy:75)
2014-12-14 14:26:44,483 [main] ERROR StackTrace  - Full Stack Trace:
java.lang.Exception: No tests found matching grails test target pattern filter from org.junit.runner.Request$1@4b2d44bc
	at org.junit.internal.requests.FilterRequest.getRunner(FilterRequest.java:35)
	at org.junit.runner.JUnitCore.run(JUnitCore.java:138)
2014-12-14 14:26:44,489 [main] ERROR StackTrace  - Full Stack Trace:
java.lang.Exception: No tests found matching grails test target pattern filter from org.junit.runner.Request$1@4b2d44bc
	at org.junit.internal.requests.FilterRequest.getRunner(FilterRequest.java:35)
	at org.junit.runner.JUnitCore.run(JUnitCore.java:138)
2014-12-14 14:26:44,490 [main] ERROR StackTrace  - Full Stack Trace:
java.lang.Exception: No tests found matching grails test target pattern filter from org.junit.runner.Request$1@4b2d44bc
	at org.junit.internal.requests.FilterRequest.getRunner(FilterRequest.java:35)
	at org.junit.runner.JUnitCore.run(JUnitCore.java:138)
2014-12-14 14:26:44,501 [main] ERROR StackTrace  - Full Stack Trace:
java.lang.Exception: No tests found matching grails test target pattern filter from org.junit.runner.Request$1@4b2d44bc
	at org.junit.internal.requests.FilterRequest.getRunner(FilterRequest.java:35)
	at org.junit.runner.JUnitCore.run(JUnitCore.java:138)
2014-12-14 14:26:44,502 [main] ERROR StackTrace  - Full Stack Trace:
java.lang.Exception: No tests found matching grails test target pattern filter from org.junit.runner.Request$1@4b2d44bc
	at org.junit.internal.requests.FilterRequest.getRunner(FilterRequest.java:35)
	at org.junit.runner.JUnitCore.run(JUnitCore.java:138)
2014-12-14 14:27:33,796 [main] ERROR StackTrace  - Full Stack Trace:
java.lang.Exception: No tests found matching grails test target pattern filter from org.junit.runner.Request$1@4b2d44bc
	at org.junit.internal.requests.FilterRequest.getRunner(FilterRequest.java:35)
	at org.junit.runner.JUnitCore.run(JUnitCore.java:138)
	at org.junit.runner.JUnitCore$run$0.call(Unknown Source)
	at org.codehaus.groovy.runtime.callsite.CallSiteArray.defaultCall(CallSiteArray.java:45)
	at org.codehaus.groovy.runtime.callsite.AbstractCallSite.call(AbstractCallSite.java:108)
	at org.codehaus.groovy.runtime.callsite.AbstractCallSite.call(AbstractCallSite.java:116)
	at org.codehaus.groovy.grails.test.spock.GrailsSpecTestType.doRun(GrailsSpecTestType.groovy:147)
	at org.codehaus.groovy.grails.test.support.GrailsTestTypeSupport.run(GrailsTestTypeSupport.groovy:121)
	at org.codehaus.groovy.grails.test.runner.GrailsProjectTestRunner.runTests(GrailsProjectTestRunner.groovy:415)
	at org.codehaus.groovy.grails.test.runner.GrailsProjectTestRunner.processTests(GrailsProjectTestRunner.groovy:395)
	at sun.reflect.NativeMethodAccessorImpl.invoke0(Native Method)
	at sun.reflect.NativeMethodAccessorImpl.invoke(NativeMethodAccessorImpl.java:62)
	at sun.reflect.DelegatingMethodAccessorImpl.invoke(DelegatingMethodAccessorImpl.java:43)
	at java.lang.reflect.Method.invoke(Method.java:483)
	at org.springsource.loaded.ri.ReflectiveInterceptor.jlrMethodInvoke(ReflectiveInterceptor.java:1270)
	at org.codehaus.groovy.reflection.CachedMethod.invoke(CachedMethod.java:90)
	at groovy.lang.MetaMethod.doMethodInvoke(MetaMethod.java:324)
	at groovy.lang.MetaClassImpl.invokeMethod(MetaClassImpl.java:1207)
	at groovy.lang.ExpandoMetaClass.invokeMethod(ExpandoMetaClass.java:1110)
	at groovy.lang.MetaClassImpl.invokeMethod(MetaClassImpl.java:1016)
	at groovy.lang.MetaClassImpl.invokeMethod(MetaClassImpl.java:1152)
	at groovy.lang.ExpandoMetaClass.invokeMethod(ExpandoMetaClass.java:1110)
	at groovy.lang.MetaClassImpl.invokeMethod(MetaClassImpl.java:1016)
	at org.codehaus.groovy.runtime.callsite.PogoMetaClassSite.callCurrent(PogoMetaClassSite.java:66)
	at org.codehaus.groovy.runtime.callsite.CallSiteArray.defaultCallCurrent(CallSiteArray.java:49)
	at org.codehaus.groovy.runtime.callsite.AbstractCallSite.callCurrent(AbstractCallSite.java:133)
	at org.codehaus.groovy.runtime.callsite.AbstractCallSite.callCurrent(AbstractCallSite.java:141)
	at org.codehaus.groovy.grails.test.runner.GrailsProjectTestRunner$_runAllTests_closure7.doCall(GrailsProjectTestRunner.groovy:313)
	at sun.reflect.NativeMethodAccessorImpl.invoke0(Native Method)
	at sun.reflect.NativeMethodAccessorImpl.invoke(NativeMethodAccessorImpl.java:62)
	at sun.reflect.DelegatingMethodAccessorImpl.invoke(DelegatingMethodAccessorImpl.java:43)
	at java.lang.reflect.Method.invoke(Method.java:483)
	at org.springsource.loaded.ri.ReflectiveInterceptor.jlrMethodInvoke(ReflectiveInterceptor.java:1270)
	at org.codehaus.groovy.reflection.CachedMethod.invoke(CachedMethod.java:90)
	at groovy.lang.MetaMethod.doMethodInvoke(MetaMethod.java:324)
	at groovy.lang.MetaClassImpl.invokeMethod(MetaClassImpl.java:1207)
	at groovy.lang.ExpandoMetaClass.invokeMethod(ExpandoMetaClass.java:1110)
	at groovy.lang.MetaClassImpl.invokeMethod(MetaClassImpl.java:1016)
	at groovy.lang.Closure.call(Closure.java:423)
	at org.codehaus.groovy.runtime.DefaultGroovyMethods.callClosureForMapEntry(DefaultGroovyMethods.java:4271)
	at org.codehaus.groovy.runtime.DefaultGroovyMethods.each(DefaultGroovyMethods.java:1408)
	at org.codehaus.groovy.runtime.dgm$151.invoke(Unknown Source)
	at org.codehaus.groovy.runtime.callsite.PojoMetaMethodSite$PojoMetaMethodSiteNoUnwrapNoCoerce.invoke(PojoMetaMethodSite.java:271)
	at org.codehaus.groovy.runtime.callsite.PojoMetaMethodSite.call(PojoMetaMethodSite.java:53)
	at org.codehaus.groovy.runtime.callsite.CallSiteArray.defaultCall(CallSiteArray.java:45)
	at org.codehaus.groovy.runtime.callsite.AbstractCallSite.call(AbstractCallSite.java:108)
	at org.codehaus.groovy.runtime.callsite.AbstractCallSite.call(AbstractCallSite.java:116)
	at org.codehaus.groovy.grails.test.runner.GrailsProjectTestRunner.runAllTests(GrailsProjectTestRunner.groovy:299)
	at org.codehaus.groovy.grails.test.runner.GrailsProjectTestRunner.runAllTests(GrailsProjectTestRunner.groovy:214)
	at org.codehaus.groovy.grails.test.runner.GrailsProjectTestRunner.runAllTests(GrailsProjectTestRunner.groovy)
	at org.codehaus.groovy.grails.test.runner.GrailsProjectTestRunner$runAllTests$0.call(Unknown Source)
	at org.codehaus.groovy.runtime.callsite.CallSiteArray.defaultCall(CallSiteArray.java:45)
	at org.codehaus.groovy.runtime.callsite.AbstractCallSite.call(AbstractCallSite.java:108)
	at org.codehaus.groovy.runtime.callsite.AbstractCallSite.call(AbstractCallSite.java:116)
	at org.codehaus.groovy.grails.cli.fork.testing.ForkedGrailsTestRunner.runInstance(ForkedGrailsTestRunner.groovy:128)
	at org.codehaus.groovy.grails.cli.fork.ForkedGrailsProjectClassExecutor.run(ForkedGrailsProjectClassExecutor.groovy:74)
	at org.codehaus.groovy.grails.cli.fork.testing.ForkedGrailsTestRunner.main(ForkedGrailsTestRunner.groovy:75)
2014-12-14 14:27:33,800 [main] ERROR StackTrace  - Full Stack Trace:
java.lang.Exception: No tests found matching grails test target pattern filter from org.junit.runner.Request$1@4b2d44bc
	at org.junit.internal.requests.FilterRequest.getRunner(FilterRequest.java:35)
	at org.junit.runner.JUnitCore.run(JUnitCore.java:138)
2014-12-14 14:27:33,801 [main] ERROR StackTrace  - Full Stack Trace:
java.lang.Exception: No tests found matching grails test target pattern filter from org.junit.runner.Request$1@4b2d44bc
	at org.junit.internal.requests.FilterRequest.getRunner(FilterRequest.java:35)
	at org.junit.runner.JUnitCore.run(JUnitCore.java:138)
2014-12-14 14:27:33,802 [main] ERROR StackTrace  - Full Stack Trace:
java.lang.Exception: No tests found matching grails test target pattern filter from org.junit.runner.Request$1@4b2d44bc
	at org.junit.internal.requests.FilterRequest.getRunner(FilterRequest.java:35)
	at org.junit.runner.JUnitCore.run(JUnitCore.java:138)
2014-12-14 14:27:33,812 [main] ERROR StackTrace  - Full Stack Trace:
java.lang.Exception: No tests found matching grails test target pattern filter from org.junit.runner.Request$1@4b2d44bc
	at org.junit.internal.requests.FilterRequest.getRunner(FilterRequest.java:35)
	at org.junit.runner.JUnitCore.run(JUnitCore.java:138)
2014-12-14 14:27:33,812 [main] ERROR StackTrace  - Full Stack Trace:
java.lang.Exception: No tests found matching grails test target pattern filter from org.junit.runner.Request$1@4b2d44bc
	at org.junit.internal.requests.FilterRequest.getRunner(FilterRequest.java:35)
	at org.junit.runner.JUnitCore.run(JUnitCore.java:138)
