<?xml version="1.0" encoding="UTF-8" ?>
<testsuite errors="1" failures="0" hostname="Yens-MacBook-Pro.local" name="org.junit.runner.manipulation.Filter" tests="1" time="0.024" timestamp="2014-12-14T19:27:33">
  <properties />
  <testcase classname="org.junit.runner.manipulation.Filter" name="initializationError" time="0.024">
    <error message="No tests found matching grails test target pattern filter from org.junit.runner.Request$1@4b2d44bc" type="java.lang.Exception">java.lang.Exception: No tests found matching grails test target pattern filter from org.junit.runner.Request$1@4b2d44bc
</error>
  </testcase>
  <system-out><![CDATA[--Output from initializationError--
]]></system-out>
  <system-err><![CDATA[--Output from initializationError--
]]></system-err>
</testsuite>
